2025-10-06 16:50:46 INFO  [main] Base_Class - Application Started
2025-10-06 16:50:46 INFO  [main] Base_Class - ===================
2025-10-06 16:50:50 INFO  [main] Base_Class - FireFoxDriver Object is Created  FirefoxDriver: firefox on windows (b758499a-dc8c-4fb6-84b2-f4e75bdd6a2e)
2025-10-06 16:50:50 INFO  [main] Base_Class - Browser Got Opened
2025-10-06 16:50:50 INFO  [main] Base_Class - url Called  http://192.168.2.27:9091/
2025-10-06 16:50:50 INFO  [main] Base_Class - Tear Up is Done
2025-10-06 16:50:51 INFO  [main] Listeners - Test Case Started
2025-10-06 16:50:51 INFO  [main] Login - Login Test Cases Started
2025-10-06 16:50:51 INFO  [main] Login - Login_Page Object Created
2025-10-06 16:50:51 INFO  [main] Login - Login Page Method call
2025-10-06 16:50:51 INFO  [main] Login_page - Login Method Called
2025-10-06 16:50:52 INFO  [main] Login_page - Entered UserName is :Approver
2025-10-06 16:50:52 INFO  [main] Login_page - Password Entered
2025-10-06 16:50:53 INFO  [main] Login_page - Submit Button Clicked
2025-10-06 16:50:53 INFO  [main] Login_page - Login SuccessFull
2025-10-06 16:50:53 INFO  [main] Login - Login Test Completed Sucessfully
2025-10-06 16:50:53 INFO  [main] Listeners - Test Case Success
2025-10-06 16:50:53 INFO  [main] Access_permissions - Access Permissions link Click
2025-10-06 16:50:53 INFO  [main] Listeners - Test Case Started
2025-10-06 16:50:53 INFO  [main] Access_permissions - This is Add Group Method
2025-10-06 16:51:03 INFO  [main] Helper_Class - Access Permissions Module Clicked
2025-10-06 16:51:13 INFO  [main] Helper_Class - Sub Module Group is clicked Clicked
2025-10-06 16:51:24 INFO  [main] Helper_Class - New Group Button is clicked Clicked
2025-10-06 16:51:35 INFO  [main] Helper_Class - All Modules is clicked Clicked
2025-10-06 16:51:35 INFO  [main] Access_Permissions_page - Group Created Successfully
2025-10-06 16:51:35 INFO  [main] Listeners - Test Case Success
2025-10-06 16:51:35 INFO  [main] Listeners - Test Case Started
2025-10-06 16:51:35 INFO  [main] Access_permissions - This is View Group Method
2025-10-06 16:51:35 INFO  [main] Access_Permissions_page - View Group method entered
2025-10-06 16:51:46 INFO  [main] Helper_Class - View Group Clicked
2025-10-06 16:51:56 INFO  [main] Helper_Class - Close Group Clicked
2025-10-06 16:51:56 INFO  [main] Access_Permissions_page - View Group Successfull
2025-10-06 16:51:56 INFO  [main] Listeners - Test Case Success
2025-10-06 16:51:56 INFO  [main] Listeners - Test Case Started
2025-10-06 16:51:56 INFO  [main] Access_permissions - This is Edit Group Method
2025-10-06 16:51:56 INFO  [main] Access_Permissions_page - Edit Group method entered
2025-10-06 16:52:07 INFO  [main] Helper_Class - Edit Group Clicked
2025-10-06 16:52:18 INFO  [main] Helper_Class - Save Group Clicked
2025-10-06 16:52:18 INFO  [main] Access_Permissions_page - Edit Group Successfull
2025-10-06 16:52:18 INFO  [main] Listeners - Test Case Success
2025-10-06 16:52:18 INFO  [main] Listeners - Test Case Started
2025-10-06 16:52:18 INFO  [main] Access_permissions - This is Delete Group Method
2025-10-06 16:52:18 INFO  [main] Access_Permissions_page - Delete Group method entered
2025-10-06 16:52:29 INFO  [main] Helper_Class - Delete Group Clicked
2025-10-06 16:52:39 INFO  [main] Helper_Class - Delete Yes Clicked
2025-10-06 16:52:39 INFO  [main] Access_Permissions_page - Delete Group Successfull
2025-10-06 16:52:39 INFO  [main] Listeners - Test Case Success
2025-10-06 16:52:39 INFO  [main] Listeners - Test Case Started
2025-10-06 16:52:39 INFO  [main] Access_permissions - This is Add Role Method
2025-10-06 16:52:50 INFO  [main] Helper_Class - Roles Module Clicked
2025-10-06 16:53:00 INFO  [main] Helper_Class - Add New Role Clicked
2025-10-06 16:53:11 INFO  [main] Helper_Class - Group Down Selected  Clicked
2025-10-06 16:53:21 INFO  [main] Helper_Class - Group Name  Selected  Clicked
2025-10-06 16:53:32 INFO  [main] Helper_Class - Select Permissions Access Permissions Clicked
2025-10-06 16:53:42 INFO  [main] Helper_Class - Group Add Permissions in Access Permissions for Role Clicked
2025-10-06 16:53:52 INFO  [main] Helper_Class - Select Permissions Access Permissions Clicked
2025-10-06 16:53:53 INFO  [main] Helper_Class - Role Saved JS Clicked
2025-10-06 16:53:53 INFO  [main] Access_Permissions_page - Roles Created Successfully
2025-10-06 16:53:53 INFO  [main] Listeners - Test Case Success
2025-10-06 16:53:53 INFO  [main] Listeners - Test Case Started
2025-10-06 16:53:53 INFO  [main] Access_permissions - This is View Role Method
2025-10-06 16:53:53 INFO  [main] Access_Permissions_page - View Role method entered
2025-10-06 16:54:04 INFO  [main] Helper_Class - View Role Clicked
2025-10-06 16:54:14 INFO  [main] Helper_Class - Close Role Clicked
2025-10-06 16:54:14 INFO  [main] Access_Permissions_page - View Role Successfull
2025-10-06 16:54:14 INFO  [main] Listeners - Test Case Success
2025-10-06 16:54:14 INFO  [main] Listeners - Test Case Started
2025-10-06 16:54:14 INFO  [main] Access_permissions - This is Edit Role Method
2025-10-06 16:54:14 INFO  [main] Access_Permissions_page - Edit Role method entered
2025-10-06 16:54:25 INFO  [main] Helper_Class - Edit Role Clicked
2025-10-06 16:54:36 INFO  [main] Helper_Class - Save Role Clicked
2025-10-06 16:54:36 INFO  [main] Access_Permissions_page - Edit Role Successfull
2025-10-06 16:54:36 INFO  [main] Listeners - Test Case Success
2025-10-06 16:54:36 INFO  [main] Listeners - Test Case Started
2025-10-06 16:54:36 INFO  [main] Access_permissions - This is Delete Role Method
2025-10-06 16:54:36 INFO  [main] Access_Permissions_page - Delete Role method entered
2025-10-06 16:54:47 INFO  [main] Helper_Class - Delete Role Icon  Clicked
2025-10-06 16:54:57 INFO  [main] Helper_Class - Delete Yes Clicked
2025-10-06 16:54:57 INFO  [main] Access_Permissions_page - Delete Role Successfull
2025-10-06 16:54:57 INFO  [main] Listeners - Test Case Success
2025-10-06 16:54:57 INFO  [main] Listeners - Test Case Started
2025-10-06 16:54:57 INFO  [main] Access_permissions - This is an Add User Method
2025-10-06 16:55:11 INFO  [main] Helper_Class - Select Role User  Radio Button  Clicked
2025-10-06 16:55:22 INFO  [main] Helper_Class - Selected Role User  Radio Button  Clicked
2025-10-06 16:55:22 INFO  [main] Helper_Class - Active User Radio Button JS Clicked
2025-10-06 16:55:32 INFO  [main] Helper_Class - Submit Button Clicked
2025-10-06 16:55:32 INFO  [main] Access_Permissions_page - User Created Successfully
2025-10-06 16:55:32 INFO  [main] Listeners - Test Case Success
2025-10-06 16:55:32 INFO  [main] Listeners - Test Case Started
2025-10-06 16:55:32 INFO  [main] Access_permissions - This is User View  Method
2025-10-06 16:55:32 INFO  [main] Access_Permissions_page - View User method entered
2025-10-06 16:55:43 INFO  [main] Helper_Class - View User Clicked
2025-10-06 16:55:53 INFO  [main] Helper_Class - Close User Clicked
2025-10-06 16:55:53 INFO  [main] Access_Permissions_page - View User Successfull
2025-10-06 16:55:53 INFO  [main] Listeners - Test Case Success
2025-10-06 16:55:53 INFO  [main] Listeners - Test Case Started
2025-10-06 16:55:53 INFO  [main] Access_permissions - This is User edit  Method
2025-10-06 16:55:53 INFO  [main] Access_Permissions_page - Edit User method entered
2025-10-06 16:56:04 INFO  [main] Helper_Class - Edit User Clicked
2025-10-06 16:56:15 INFO  [main] Helper_Class - Save User Clicked
2025-10-06 16:56:15 INFO  [main] Access_Permissions_page - Edit User Successfull
2025-10-06 16:56:15 INFO  [main] Listeners - Test Case Success
2025-10-06 16:56:15 INFO  [main] Listeners - Test Case Started
2025-10-06 16:56:15 INFO  [main] Access_permissions - This is User Delete  Method
2025-10-06 16:56:15 INFO  [main] Access_Permissions_page - Delete User method entered
2025-10-06 16:56:26 INFO  [main] Helper_Class - Delete User Clicked
2025-10-06 16:56:36 INFO  [main] Helper_Class - Delete Yes Clicked
2025-10-06 16:56:36 INFO  [main] Access_Permissions_page - Delete User Successfull
2025-10-06 16:56:36 INFO  [main] Listeners - Test Case Success
2025-10-06 16:56:36 INFO  [main] Base_Class - Closing Browser Method
2025-10-06 16:56:38 INFO  [main] Base_Class - Application Closed
2025-10-06 16:56:38 INFO  [main] Base_Class - ===================
