2025-10-31 15:01:51 INFO  [main] Base_Class - Application Started
2025-10-31 15:01:51 INFO  [main] Base_Class - ===================
2025-10-31 15:01:59 INFO  [main] Base_Class - Chrome Object is Created  ChromeDriver: chrome on windows (a1f14623dc989237520143514d1712f3)
2025-10-31 15:01:59 INFO  [main] Base_Class - Browser Got Opened
2025-10-31 15:02:00 INFO  [main] Base_Class - url Called  http://192.168.2.27:9091/
2025-10-31 15:02:00 INFO  [main] Base_Class - Tear Up is Done
2025-10-31 15:02:01 INFO  [main] Listeners - Test Case Started
2025-10-31 15:02:01 INFO  [main] Login - Login User method Started
2025-10-31 15:02:01 INFO  [main] Login - Login Page Method call
2025-10-31 15:02:01 INFO  [main] Login_page - Login Method Called
2025-10-31 15:02:01 INFO  [main] Login_page - Entered UserName is :Approver
2025-10-31 15:02:02 INFO  [main] Login_page - Password Entered
2025-10-31 15:02:06 INFO  [main] Helper_Class - Login Submit Button Clicked
2025-10-31 15:02:06 INFO  [main] Login_page - Submit Button Clicked
2025-10-31 15:02:06 INFO  [main] Helper_Class - Home Title is visible
2025-10-31 15:02:06 INFO  [main] Login - Login Test Completed Successfully
2025-10-31 15:02:06 INFO  [main] Listeners - Test Case Success
2025-10-31 15:02:06 INFO  [main] Listeners - Test Case Started
2025-10-31 15:02:06 INFO  [main] Login_Test_Data - Logout for the User
2025-10-31 15:02:06 INFO  [main] Login_page - This is logout method
2025-10-31 15:02:06 INFO  [main] Login_page - Is ProfileDropdown displayed? true
2025-10-31 15:02:06 INFO  [main] Login_page - Is ProfileDropdown enabled? true
2025-10-31 15:02:06 INFO  [main] Login_page - Approver ApproverMain User
2025-10-31 15:02:10 INFO  [main] Helper_Class - Sign out Button Clicked
2025-10-31 15:02:18 ERROR [main] Helper_Class - Failed to click on Confirm Yes Button: Expected condition failed: waiting for visibility of [[ChromeDriver: chrome on windows (a1f14623dc989237520143514d1712f3)] -> xpath: //button[text()='Yes']] (tried for 5 second(s) with 500 milliseconds interval)
Build info: version: '4.26.0', revision: '8ccf0219d7'
System info: os.name: 'Windows 11', os.arch: 'amd64', os.version: '10.0', java.version: '17.0.14'
Driver info: org.openqa.selenium.chrome.ChromeDriver
Capabilities {acceptInsecureCerts: false, browserName: chrome, browserVersion: 141.0.7390.123, chrome: {chromedriverVersion: 141.0.7390.122 (b477534e7e1..., userDataDir: C:\Users\SRIHAR~1.GOW\AppDa...}, fedcm:accounts: true, goog:chromeOptions: {debuggerAddress: localhost:12508}, networkConnectionEnabled: false, pageLoadStrategy: normal, platformName: windows, proxy: Proxy(), se:cdp: ws://localhost:12508/devtoo..., se:cdpVersion: 141.0.7390.123, setWindowRect: true, strictFileInteractability: false, timeouts: {implicit: 0, pageLoad: 300000, script: 30000}, unhandledPromptBehavior: dismiss and notify, webauthn:extension:credBlob: true, webauthn:extension:largeBlob: true, webauthn:extension:minPinLength: true, webauthn:extension:prf: true, webauthn:virtualAuthenticators: true}
Session ID: a1f14623dc989237520143514d1712f3
2025-10-31 15:02:18 ERROR [main] Login_Test_Data - Assertion failed: User was not Logout successfully! expected [true] but found [false]
2025-10-31 15:02:18 INFO  [main] Listeners - Test Case Failure
2025-10-31 15:02:19 INFO  [main] Listeners - Test Case Started
2025-10-31 15:02:19 INFO  [main] Login_Test_Data - Login Test Started
2025-10-31 15:02:19 INFO  [main] Login_Test_Data - Attempting login for user: Approver1
2025-10-31 15:02:19 INFO  [main] Login_page - Login Method Called
2025-10-31 15:02:22 ERROR [main] Login_page - Login Failed
2025-10-31 15:02:22 INFO  [main] Login_page - This is failed test text
2025-10-31 15:02:25 INFO  [main] Listeners - Test Case Failure
2025-10-31 15:02:25 INFO  [main] Listeners - Test Case Started
2025-10-31 15:02:25 INFO  [main] Login_Test_Data - Login Test Started
2025-10-31 15:02:25 INFO  [main] Login_Test_Data - Attempting login for user: Approver
2025-10-31 15:02:25 INFO  [main] Login_page - Login Method Called
2025-10-31 15:02:28 INFO  [main] Login_page - Entered UserName is :Approver
2025-10-31 15:02:28 INFO  [main] Login_page - Password Entered
2025-10-31 15:02:34 ERROR [main] Helper_Class - Failed to click on Login Submit Button: Error communicating with the remote browser. It may have died.
Build info: version: '4.26.0', revision: '8ccf0219d7'
System info: os.name: 'Windows 11', os.arch: 'amd64', os.version: '10.0', java.version: '17.0.14'
Driver info: org.openqa.selenium.chrome.ChromeDriver
Command: [a1f14623dc989237520143514d1712f3, findElement [using, value]]
Capabilities {acceptInsecureCerts: false, browserName: chrome, browserVersion: 141.0.7390.123, chrome: {chromedriverVersion: 141.0.7390.122 (b477534e7e1..., userDataDir: C:\Users\SRIHAR~1.GOW\AppDa...}, fedcm:accounts: true, goog:chromeOptions: {debuggerAddress: localhost:12508}, networkConnectionEnabled: false, pageLoadStrategy: normal, platformName: windows, proxy: Proxy(), se:cdp: ws://localhost:12508/devtoo..., se:cdpVersion: 141.0.7390.123, setWindowRect: true, strictFileInteractability: false, timeouts: {implicit: 0, pageLoad: 300000, script: 30000}, unhandledPromptBehavior: dismiss and notify, webauthn:extension:credBlob: true, webauthn:extension:largeBlob: true, webauthn:extension:minPinLength: true, webauthn:extension:prf: true, webauthn:virtualAuthenticators: true}
Session ID: a1f14623dc989237520143514d1712f3
2025-10-31 15:02:34 INFO  [main] Login_page - This is failed test text
2025-10-31 15:02:34 INFO  [main] Listeners - Test Case Failure
2025-10-31 15:02:34 INFO  [main] Listeners - Test Case Failure
2025-10-31 15:02:34 INFO  [main] Base_Class - Closing Browser Method
2025-10-31 15:02:34 ERROR [main] Base_Class - Browser not closed! Exception:Error communicating with the remote browser. It may have died.
Build info: version: '4.26.0', revision: '8ccf0219d7'
System info: os.name: 'Windows 11', os.arch: 'amd64', os.version: '10.0', java.version: '17.0.14'
Driver info: org.openqa.selenium.chrome.ChromeDriver
Command: [a1f14623dc989237520143514d1712f3, close []]
Capabilities {acceptInsecureCerts: false, browserName: chrome, browserVersion: 141.0.7390.123, chrome: {chromedriverVersion: 141.0.7390.122 (b477534e7e1..., userDataDir: C:\Users\SRIHAR~1.GOW\AppDa...}, fedcm:accounts: true, goog:chromeOptions: {debuggerAddress: localhost:12508}, networkConnectionEnabled: false, pageLoadStrategy: normal, platformName: windows, proxy: Proxy(), se:cdp: ws://localhost:12508/devtoo..., se:cdpVersion: 141.0.7390.123, setWindowRect: true, strictFileInteractability: false, timeouts: {implicit: 0, pageLoad: 300000, script: 30000}, unhandledPromptBehavior: dismiss and notify, webauthn:extension:credBlob: true, webauthn:extension:largeBlob: true, webauthn:extension:minPinLength: true, webauthn:extension:prf: true, webauthn:virtualAuthenticators: true}
Session ID: a1f14623dc989237520143514d1712f3
2025-10-31 15:04:29 INFO  [main] Base_Class - Application Started
2025-10-31 15:04:29 INFO  [main] Base_Class - ===================
2025-10-31 15:04:31 INFO  [main] Base_Class - Chrome Object is Created  ChromeDriver: chrome on windows (a496f62c351505c78a9cbe3b1aa9124f)
2025-10-31 15:04:31 INFO  [main] Base_Class - Browser Got Opened
2025-10-31 15:04:31 INFO  [main] Base_Class - url Called  http://192.168.2.27:9091/
2025-10-31 15:04:31 INFO  [main] Base_Class - Tear Up is Done
2025-10-31 15:04:33 INFO  [main] Listeners - Test Case Started
2025-10-31 15:04:33 INFO  [main] Login - Login User method Started
2025-10-31 15:04:33 INFO  [main] Login - Login Page Method call
2025-10-31 15:04:33 INFO  [main] Login_page - Login Method Called
2025-10-31 15:04:33 INFO  [main] Login_page - Entered UserName is :Approver
2025-10-31 15:04:33 INFO  [main] Login_page - Password Entered
2025-10-31 15:04:37 INFO  [main] Helper_Class - Login Submit Button Clicked
2025-10-31 15:04:37 INFO  [main] Login_page - Submit Button Clicked
2025-10-31 15:04:37 INFO  [main] Helper_Class - Home Title is visible
2025-10-31 15:04:37 INFO  [main] Login - Login Test Completed Successfully
2025-10-31 15:04:37 INFO  [main] Listeners - Test Case Success
2025-10-31 15:04:38 INFO  [main] Listeners - Test Case Started
2025-10-31 15:04:38 INFO  [main] Login_Test_Data - Logout for the User
2025-10-31 15:04:38 INFO  [main] Login_page - This is logout method
2025-10-31 15:04:38 INFO  [main] Login_page - Is ProfileDropdown displayed? true
2025-10-31 15:04:38 INFO  [main] Login_page - Is ProfileDropdown enabled? true
2025-10-31 15:04:38 INFO  [main] Login_page - Approver ApproverMain User
2025-10-31 15:04:41 INFO  [main] Helper_Class - Sign out Button Clicked
2025-10-31 15:04:45 INFO  [main] Helper_Class - Confirm Yes Button Clicked
2025-10-31 15:04:45 INFO  [main] Login_page - Logout Success
2025-10-31 15:04:45 INFO  [main] Listeners - Test Case Success
2025-10-31 15:04:45 INFO  [main] Listeners - Test Case Started
2025-10-31 15:04:45 INFO  [main] Login_Test_Data - Login Test Started
2025-10-31 15:04:45 INFO  [main] Login_Test_Data - Attempting login for user: Approver1
2025-10-31 15:04:45 INFO  [main] Login_page - Login Method Called
2025-10-31 15:04:45 INFO  [main] Login_page - Entered UserName is :Approver1
2025-10-31 15:04:45 INFO  [main] Login_page - Password Entered
2025-10-31 15:04:49 INFO  [main] Helper_Class - Login Submit Button Clicked
2025-10-31 15:04:55 INFO  [main] Login_page - This is failed test text
2025-10-31 15:04:55 INFO  [main] Login_page - Invalid user name or password or Deactivated.
2025-10-31 15:04:55 INFO  [main] Listeners - Test Case Success
2025-10-31 15:04:55 INFO  [main] Listeners - Test Case Started
2025-10-31 15:04:55 INFO  [main] Login_Test_Data - Login Test Started
2025-10-31 15:04:55 INFO  [main] Login_Test_Data - Attempting login for user: Approver
2025-10-31 15:04:55 INFO  [main] Login_page - Login Method Called
2025-10-31 15:04:55 INFO  [main] Login_page - Entered UserName is :Approver
2025-10-31 15:04:55 INFO  [main] Login_page - Password Entered
2025-10-31 15:04:59 INFO  [main] Helper_Class - Login Submit Button Clicked
2025-10-31 15:05:05 INFO  [main] Login_page - This is failed test text
2025-10-31 15:05:05 INFO  [main] Login_page - Invalid user name or password.
2025-10-31 15:05:05 INFO  [main] Listeners - Test Case Success
2025-10-31 15:05:05 INFO  [main] Listeners - Test Case Started
2025-10-31 15:05:05 INFO  [main] Login_Test_Data - Login Test Started
2025-10-31 15:05:05 INFO  [main] Login_Test_Data - Attempting login for user: Approver1
2025-10-31 15:05:05 INFO  [main] Login_page - Login Method Called
2025-10-31 15:05:05 INFO  [main] Login_page - Entered UserName is :Approver1
2025-10-31 15:05:05 INFO  [main] Login_page - Password Entered
2025-10-31 15:05:08 INFO  [main] Helper_Class - Login Submit Button Clicked
2025-10-31 15:05:15 INFO  [main] Login_page - This is failed test text
2025-10-31 15:05:15 INFO  [main] Login_page - Invalid user name or password or Deactivated.
2025-10-31 15:05:15 INFO  [main] Listeners - Test Case Success
2025-10-31 15:05:15 INFO  [main] Listeners - Test Case Started
2025-10-31 15:05:15 INFO  [main] Login_Test_Data - Login Test Started
2025-10-31 15:05:15 INFO  [main] Login_Test_Data - Attempting login for user: Approver
2025-10-31 15:05:15 INFO  [main] Login_page - Login Method Called
2025-10-31 15:05:15 INFO  [main] Login_page - Entered UserName is :Approver
2025-10-31 15:05:15 INFO  [main] Login_page - Password Entered
2025-10-31 15:05:18 INFO  [main] Helper_Class - Login Submit Button Clicked
2025-10-31 15:05:19 INFO  [main] Helper_Class - Home Title is visible
2025-10-31 15:05:19 INFO  [main] Login_Test_Data - Login Success for User: Approver
2025-10-31 15:05:19 INFO  [main] Login_Test_Data - Logout for the User
2025-10-31 15:05:19 INFO  [main] Login_page - This is logout method
2025-10-31 15:05:19 INFO  [main] Login_page - Is ProfileDropdown displayed? true
2025-10-31 15:05:19 INFO  [main] Login_page - Is ProfileDropdown enabled? true
2025-10-31 15:05:19 INFO  [main] Login_page - Approver ApproverMain User
2025-10-31 15:05:22 INFO  [main] Helper_Class - Sign out Button Clicked
2025-10-31 15:05:26 INFO  [main] Helper_Class - Confirm Yes Button Clicked
2025-10-31 15:05:26 INFO  [main] Login_page - Logout Success
2025-10-31 15:05:26 INFO  [main] Listeners - Test Case Success
2025-10-31 15:05:26 INFO  [main] Listeners - Test Case Started
2025-10-31 15:05:26 INFO  [main] Login_Test_Data - BlockLoginCredentials
2025-10-31 15:05:26 INFO  [main] Login_Test_Data - Attempting login for user: Check
2025-10-31 15:05:26 INFO  [main] Login_page - Login Method Called
2025-10-31 15:05:26 INFO  [main] Login_page - Entered UserName is :Check
2025-10-31 15:05:26 INFO  [main] Login_page - Password Entered
2025-10-31 15:05:30 INFO  [main] Helper_Class - Login Submit Button Clicked
2025-10-31 15:05:36 INFO  [main] Login_page - This is failed test text
2025-10-31 15:05:36 INFO  [main] Login_page - Invalid user name or password.
2025-10-31 15:05:36 INFO  [main] Listeners - Test Case Success
2025-10-31 15:05:36 INFO  [main] Listeners - Test Case Started
2025-10-31 15:05:36 INFO  [main] Login_Test_Data - BlockLoginCredentials
2025-10-31 15:05:36 INFO  [main] Login_Test_Data - Attempting login for user: Check
2025-10-31 15:05:36 INFO  [main] Login_page - Login Method Called
2025-10-31 15:05:36 INFO  [main] Login_page - Entered UserName is :Check
2025-10-31 15:05:36 INFO  [main] Login_page - Password Entered
2025-10-31 15:05:39 INFO  [main] Helper_Class - Login Submit Button Clicked
2025-10-31 15:05:45 INFO  [main] Login_page - This is failed test text
2025-10-31 15:05:46 INFO  [main] Login_page - Invalid user name or password.
2025-10-31 15:05:46 INFO  [main] Listeners - Test Case Success
2025-10-31 15:05:46 INFO  [main] Listeners - Test Case Started
2025-10-31 15:05:46 INFO  [main] Login_Test_Data - BlockLoginCredentials
2025-10-31 15:05:46 INFO  [main] Login_Test_Data - Attempting login for user: Check
2025-10-31 15:05:46 INFO  [main] Login_page - Login Method Called
2025-10-31 15:05:46 INFO  [main] Login_page - Entered UserName is :Check
2025-10-31 15:05:46 INFO  [main] Login_page - Password Entered
2025-10-31 15:05:49 INFO  [main] Helper_Class - Login Submit Button Clicked
2025-10-31 15:05:49 INFO  [main] Helper_Class - Home Title is visible
2025-10-31 15:05:49 INFO  [main] Login_Test_Data - Login Success for User: Check
2025-10-31 15:05:49 INFO  [main] Login_Test_Data - Logout for the User
2025-10-31 15:05:49 INFO  [main] Login_page - This is logout method
2025-10-31 15:05:50 INFO  [main] Login_page - Is ProfileDropdown displayed? true
2025-10-31 15:05:50 INFO  [main] Login_page - Is ProfileDropdown enabled? true
2025-10-31 15:05:50 INFO  [main] Login_page - Checker CheckerMain User
2025-10-31 15:05:53 INFO  [main] Helper_Class - Sign out Button Clicked
2025-10-31 15:06:02 ERROR [main] Helper_Class - Failed to click on Confirm Yes Button: Expected condition failed: waiting for visibility of [[ChromeDriver: chrome on windows (a496f62c351505c78a9cbe3b1aa9124f)] -> xpath: //button[text()='Yes']] (tried for 5 second(s) with 500 milliseconds interval)
Build info: version: '4.26.0', revision: '8ccf0219d7'
System info: os.name: 'Windows 11', os.arch: 'amd64', os.version: '10.0', java.version: '17.0.14'
Driver info: org.openqa.selenium.chrome.ChromeDriver
Capabilities {acceptInsecureCerts: false, browserName: chrome, browserVersion: 141.0.7390.123, chrome: {chromedriverVersion: 141.0.7390.122 (b477534e7e1..., userDataDir: C:\Users\SRIHAR~1.GOW\AppDa...}, fedcm:accounts: true, goog:chromeOptions: {debuggerAddress: localhost:5162}, networkConnectionEnabled: false, pageLoadStrategy: normal, platformName: windows, proxy: Proxy(), se:cdp: ws://localhost:5162/devtool..., se:cdpVersion: 141.0.7390.123, setWindowRect: true, strictFileInteractability: false, timeouts: {implicit: 0, pageLoad: 300000, script: 30000}, unhandledPromptBehavior: dismiss and notify, webauthn:extension:credBlob: true, webauthn:extension:largeBlob: true, webauthn:extension:minPinLength: true, webauthn:extension:prf: true, webauthn:virtualAuthenticators: true}
Session ID: a496f62c351505c78a9cbe3b1aa9124f
2025-10-31 15:06:02 ERROR [main] Login_Test_Data - Assertion failed: User was not Logout successfully! expected [true] but found [false]
2025-10-31 15:06:02 INFO  [main] Listeners - Test Case Failure
2025-10-31 15:06:02 INFO  [main] Listeners - Test Case Started
2025-10-31 15:06:02 INFO  [main] Login_Test_Data - BlockLoginCredentials
2025-10-31 15:06:02 INFO  [main] Login_Test_Data - Attempting login for user: Check
2025-10-31 15:06:02 INFO  [main] Login_page - Login Method Called
2025-10-31 15:06:05 ERROR [main] Login_page - Login Failed
2025-10-31 15:06:05 INFO  [main] Login_page - This is failed test text
2025-10-31 15:06:08 INFO  [main] Listeners - Test Case Failure
2025-10-31 15:06:08 INFO  [main] Listeners - Test Case Started
2025-10-31 15:06:08 INFO  [main] Login_Test_Data - BlockLoginCredentials
2025-10-31 15:06:08 INFO  [main] Login_Test_Data - Attempting login for user: Check
2025-10-31 15:06:08 INFO  [main] Login_page - Login Method Called
2025-10-31 15:06:08 INFO  [main] Login_page - Entered UserName is :Check
2025-10-31 15:06:09 INFO  [main] Login_page - Password Entered
2025-10-31 15:06:12 INFO  [main] Helper_Class - Login Submit Button Clicked
2025-10-31 15:06:18 INFO  [main] Login_page - This is failed test text
2025-10-31 15:06:18 INFO  [main] Login_page - Invalid user name or password.
2025-10-31 15:06:18 INFO  [main] Listeners - Test Case Success
2025-10-31 15:06:18 INFO  [main] Listeners - Test Case Started
2025-10-31 15:06:18 INFO  [main] Login_Test_Data - BlockLoginCredentials
2025-10-31 15:06:18 INFO  [main] Login_Test_Data - Attempting login for user: Check
2025-10-31 15:06:18 INFO  [main] Login_page - Login Method Called
2025-10-31 15:06:18 INFO  [main] Login_page - Entered UserName is :Check
2025-10-31 15:06:18 INFO  [main] Login_page - Password Entered
2025-10-31 15:06:22 INFO  [main] Helper_Class - Login Submit Button Clicked
2025-10-31 15:06:28 INFO  [main] Login_page - This is failed test text
2025-10-31 15:06:28 INFO  [main] Login_page - Invalid user name or password.
2025-10-31 15:06:28 ERROR [main] Login_Test_Data - Assertion failed: Error Message Does Not Matched expected [Your account has been disabled due to maximum failed login attempts. Please contact System Administrator.] but found [Invalid user name or password.]
2025-10-31 15:06:28 INFO  [main] Listeners - Test Case Failure
2025-10-31 15:06:28 INFO  [main] Listeners - Test Case Started
2025-10-31 15:06:28 INFO  [main] Login_Test_Data - Main Users Login
2025-10-31 15:06:28 INFO  [main] Login - Login User method Started
2025-10-31 15:06:28 INFO  [main] Login - Login Page Method call
2025-10-31 15:06:28 INFO  [main] Login_page - Login Method Called
2025-10-31 15:06:28 INFO  [main] Login_page - Entered UserName is :Approver
2025-10-31 15:06:28 INFO  [main] Login_page - Password Entered
2025-10-31 15:06:32 INFO  [main] Helper_Class - Login Submit Button Clicked
2025-10-31 15:06:32 INFO  [main] Login_page - Submit Button Clicked
2025-10-31 15:06:32 INFO  [main] Helper_Class - Home Title is visible
2025-10-31 15:06:32 INFO  [main] Login - Login Test Completed Successfully
2025-10-31 15:06:32 INFO  [main] Login_Test_Data - User Logged In
2025-10-31 15:06:32 INFO  [main] Listeners - Test Case Success
2025-10-31 15:06:32 INFO  [main] Access_permissions - Access Permissions link Click
2025-10-31 15:06:32 INFO  [main] Listeners - Test Case Started
2025-10-31 15:06:32 INFO  [main] Access_permissions - This is Add Group Method
2025-10-31 15:06:36 INFO  [main] Helper_Class - Access Permissions Module Clicked
2025-10-31 15:06:44 ERROR [main] Helper_Class - Failed to click on Sub Module Group is clicked: Expected condition failed: waiting for visibility of [[ChromeDriver: chrome on windows (a496f62c351505c78a9cbe3b1aa9124f)] -> xpath: //span[text()='Groups']] (tried for 5 second(s) with 500 milliseconds interval)
Build info: version: '4.26.0', revision: '8ccf0219d7'
System info: os.name: 'Windows 11', os.arch: 'amd64', os.version: '10.0', java.version: '17.0.14'
Driver info: org.openqa.selenium.chrome.ChromeDriver
Capabilities {acceptInsecureCerts: false, browserName: chrome, browserVersion: 141.0.7390.123, chrome: {chromedriverVersion: 141.0.7390.122 (b477534e7e1..., userDataDir: C:\Users\SRIHAR~1.GOW\AppDa...}, fedcm:accounts: true, goog:chromeOptions: {debuggerAddress: localhost:5162}, networkConnectionEnabled: false, pageLoadStrategy: normal, platformName: windows, proxy: Proxy(), se:cdp: ws://localhost:5162/devtool..., se:cdpVersion: 141.0.7390.123, setWindowRect: true, strictFileInteractability: false, timeouts: {implicit: 0, pageLoad: 300000, script: 30000}, unhandledPromptBehavior: dismiss and notify, webauthn:extension:credBlob: true, webauthn:extension:largeBlob: true, webauthn:extension:minPinLength: true, webauthn:extension:prf: true, webauthn:virtualAuthenticators: true}
Session ID: a496f62c351505c78a9cbe3b1aa9124f
2025-10-31 15:06:44 INFO  [main] Listeners - Test Case Failure
2025-10-31 15:06:44 INFO  [main] Listeners - Test Case Started
2025-10-31 15:06:44 INFO  [main] Listeners - Test Case Started
2025-10-31 15:06:44 INFO  [main] Listeners - Test Case Started
2025-10-31 15:06:44 INFO  [main] Listeners - Test Case Started
2025-10-31 15:06:44 INFO  [main] Access_permissions - This is Add Role Method
2025-10-31 15:06:52 ERROR [main] Helper_Class - Failed to click on Roles Module: Error communicating with the remote browser. It may have died.
Build info: version: '4.26.0', revision: '8ccf0219d7'
System info: os.name: 'Windows 11', os.arch: 'amd64', os.version: '10.0', java.version: '17.0.14'
Driver info: org.openqa.selenium.chrome.ChromeDriver
Command: [a496f62c351505c78a9cbe3b1aa9124f, findElement [using, value]]
Capabilities {acceptInsecureCerts: false, browserName: chrome, browserVersion: 141.0.7390.123, chrome: {chromedriverVersion: 141.0.7390.122 (b477534e7e1..., userDataDir: C:\Users\SRIHAR~1.GOW\AppDa...}, fedcm:accounts: true, goog:chromeOptions: {debuggerAddress: localhost:5162}, networkConnectionEnabled: false, pageLoadStrategy: normal, platformName: windows, proxy: Proxy(), se:cdp: ws://localhost:5162/devtool..., se:cdpVersion: 141.0.7390.123, setWindowRect: true, strictFileInteractability: false, timeouts: {implicit: 0, pageLoad: 300000, script: 30000}, unhandledPromptBehavior: dismiss and notify, webauthn:extension:credBlob: true, webauthn:extension:largeBlob: true, webauthn:extension:minPinLength: true, webauthn:extension:prf: true, webauthn:virtualAuthenticators: true}
Session ID: a496f62c351505c78a9cbe3b1aa9124f
2025-10-31 15:06:52 INFO  [main] Listeners - Test Case Failure
2025-10-31 15:06:52 INFO  [main] Listeners - Test Case Failure
2025-10-31 15:06:52 INFO  [main] Base_Class - Closing Browser Method
2025-10-31 15:06:52 ERROR [main] Base_Class - Browser not closed! Exception:Error communicating with the remote browser. It may have died.
Build info: version: '4.26.0', revision: '8ccf0219d7'
System info: os.name: 'Windows 11', os.arch: 'amd64', os.version: '10.0', java.version: '17.0.14'
Driver info: org.openqa.selenium.chrome.ChromeDriver
Command: [a496f62c351505c78a9cbe3b1aa9124f, close []]
Capabilities {acceptInsecureCerts: false, browserName: chrome, browserVersion: 141.0.7390.123, chrome: {chromedriverVersion: 141.0.7390.122 (b477534e7e1..., userDataDir: C:\Users\SRIHAR~1.GOW\AppDa...}, fedcm:accounts: true, goog:chromeOptions: {debuggerAddress: localhost:5162}, networkConnectionEnabled: false, pageLoadStrategy: normal, platformName: windows, proxy: Proxy(), se:cdp: ws://localhost:5162/devtool..., se:cdpVersion: 141.0.7390.123, setWindowRect: true, strictFileInteractability: false, timeouts: {implicit: 0, pageLoad: 300000, script: 30000}, unhandledPromptBehavior: dismiss and notify, webauthn:extension:credBlob: true, webauthn:extension:largeBlob: true, webauthn:extension:minPinLength: true, webauthn:extension:prf: true, webauthn:virtualAuthenticators: true}
Session ID: a496f62c351505c78a9cbe3b1aa9124f
2025-10-31 15:07:31 INFO  [main] Base_Class - Application Started
2025-10-31 15:07:31 INFO  [main] Base_Class - ===================
2025-10-31 15:07:35 INFO  [main] Base_Class - FireFoxDriver Object is Created  FirefoxDriver: firefox on windows (1e76410c-2148-401a-bb45-dc0337bb3894)
2025-10-31 15:07:35 INFO  [main] Base_Class - Browser Got Opened
2025-10-31 15:07:35 INFO  [main] Base_Class - url Called  http://192.168.2.27:9091/
2025-10-31 15:07:35 INFO  [main] Base_Class - Tear Up is Done
2025-10-31 15:07:37 INFO  [main] Listeners - Test Case Started
2025-10-31 15:07:37 INFO  [main] Login - Login User method Started
2025-10-31 15:07:37 INFO  [main] Login - Login Page Method call
2025-10-31 15:07:37 INFO  [main] Login_page - Login Method Called
2025-10-31 15:07:37 INFO  [main] Login_page - Entered UserName is :Approver
2025-10-31 15:07:37 INFO  [main] Login_page - Password Entered
2025-10-31 15:07:41 INFO  [main] Helper_Class - Login Submit Button Clicked
2025-10-31 15:07:41 INFO  [main] Login_page - Submit Button Clicked
2025-10-31 15:07:41 INFO  [main] Helper_Class - Home Title is visible
2025-10-31 15:07:41 INFO  [main] Login - Login Test Completed Successfully
2025-10-31 15:07:41 INFO  [main] Listeners - Test Case Success
2025-10-31 15:07:42 INFO  [main] Listeners - Test Case Started
2025-10-31 15:07:42 INFO  [main] Login_Test_Data - Logout for the User
2025-10-31 15:07:42 INFO  [main] Login_page - This is logout method
2025-10-31 15:07:42 INFO  [main] Login_page - Is ProfileDropdown displayed? true
2025-10-31 15:07:42 INFO  [main] Login_page - Is ProfileDropdown enabled? true
2025-10-31 15:07:42 INFO  [main] Login_page - Approver ApproverMain User
2025-10-31 15:07:45 INFO  [main] Helper_Class - Sign out Button Clicked
2025-10-31 15:07:48 INFO  [main] Helper_Class - Confirm Yes Button Clicked
2025-10-31 15:07:48 INFO  [main] Login_page - Logout Success
2025-10-31 15:07:48 INFO  [main] Listeners - Test Case Success
2025-10-31 15:07:48 INFO  [main] Listeners - Test Case Started
2025-10-31 15:07:48 INFO  [main] Login_Test_Data - Login Test Started
2025-10-31 15:07:48 INFO  [main] Login_Test_Data - Attempting login for user: Approver1
2025-10-31 15:07:48 INFO  [main] Login_page - Login Method Called
2025-10-31 15:07:48 INFO  [main] Login_page - Entered UserName is :Approver1
2025-10-31 15:07:48 INFO  [main] Login_page - Password Entered
2025-10-31 15:07:52 INFO  [main] Helper_Class - Login Submit Button Clicked
2025-10-31 15:07:58 INFO  [main] Login_page - This is failed test text
2025-10-31 15:07:58 INFO  [main] Login_page - Invalid user name or password or Deactivated.
2025-10-31 15:07:58 INFO  [main] Listeners - Test Case Success
2025-10-31 15:07:58 INFO  [main] Listeners - Test Case Started
2025-10-31 15:07:58 INFO  [main] Login_Test_Data - Login Test Started
2025-10-31 15:07:58 INFO  [main] Login_Test_Data - Attempting login for user: Approver
2025-10-31 15:07:58 INFO  [main] Login_page - Login Method Called
2025-10-31 15:07:58 INFO  [main] Login_page - Entered UserName is :Approver
2025-10-31 15:07:58 INFO  [main] Login_page - Password Entered
2025-10-31 15:08:01 INFO  [main] Helper_Class - Login Submit Button Clicked
2025-10-31 15:08:07 INFO  [main] Login_page - This is failed test text
2025-10-31 15:08:07 INFO  [main] Login_page - Invalid user name or password.
2025-10-31 15:08:07 INFO  [main] Listeners - Test Case Success
2025-10-31 15:08:07 INFO  [main] Listeners - Test Case Started
2025-10-31 15:08:07 INFO  [main] Login_Test_Data - Login Test Started
2025-10-31 15:08:07 INFO  [main] Login_Test_Data - Attempting login for user: Approver1
2025-10-31 15:08:07 INFO  [main] Login_page - Login Method Called
2025-10-31 15:08:07 INFO  [main] Login_page - Entered UserName is :Approver1
2025-10-31 15:08:07 INFO  [main] Login_page - Password Entered
2025-10-31 15:08:10 INFO  [main] Helper_Class - Login Submit Button Clicked
2025-10-31 15:08:17 INFO  [main] Login_page - This is failed test text
2025-10-31 15:08:17 INFO  [main] Login_page - Invalid user name or password or Deactivated.
2025-10-31 15:08:17 INFO  [main] Listeners - Test Case Success
2025-10-31 15:08:17 INFO  [main] Listeners - Test Case Started
2025-10-31 15:08:17 INFO  [main] Login_Test_Data - Login Test Started
2025-10-31 15:08:17 INFO  [main] Login_Test_Data - Attempting login for user: Approver
2025-10-31 15:08:17 INFO  [main] Login_page - Login Method Called
2025-10-31 15:08:17 INFO  [main] Login_page - Entered UserName is :Approver
2025-10-31 15:08:17 INFO  [main] Login_page - Password Entered
2025-10-31 15:08:20 INFO  [main] Helper_Class - Login Submit Button Clicked
2025-10-31 15:08:20 INFO  [main] Helper_Class - Home Title is visible
2025-10-31 15:08:20 INFO  [main] Login_Test_Data - Login Success for User: Approver
2025-10-31 15:08:20 INFO  [main] Login_Test_Data - Logout for the User
2025-10-31 15:08:20 INFO  [main] Login_page - This is logout method
2025-10-31 15:08:21 INFO  [main] Login_page - Is ProfileDropdown displayed? true
2025-10-31 15:08:21 INFO  [main] Login_page - Is ProfileDropdown enabled? true
2025-10-31 15:08:21 INFO  [main] Login_page - Main User
2025-10-31 15:08:24 INFO  [main] Helper_Class - Sign out Button Clicked
2025-10-31 15:08:27 INFO  [main] Helper_Class - Confirm Yes Button Clicked
2025-10-31 15:08:27 INFO  [main] Login_page - Logout Success
2025-10-31 15:08:27 INFO  [main] Listeners - Test Case Success
2025-10-31 15:08:27 INFO  [main] Listeners - Test Case Started
2025-10-31 15:08:27 INFO  [main] Login_Test_Data - BlockLoginCredentials
2025-10-31 15:08:27 INFO  [main] Login_Test_Data - Attempting login for user: Check
2025-10-31 15:08:27 INFO  [main] Login_page - Login Method Called
2025-10-31 15:08:27 INFO  [main] Login_page - Entered UserName is :Check
2025-10-31 15:08:27 INFO  [main] Login_page - Password Entered
2025-10-31 15:08:30 INFO  [main] Helper_Class - Login Submit Button Clicked
2025-10-31 15:08:36 INFO  [main] Login_page - This is failed test text
2025-10-31 15:08:37 INFO  [main] Login_page - Your account has been disabled due to maximum failed login attempts. Please contact System Administrator.
2025-10-31 15:08:37 ERROR [main] Login_Test_Data - Assertion failed: Error Message Does Not Matched expected [Invalid user name or password.] but found [Your account has been disabled due to maximum failed login attempts. Please contact System Administrator.]
2025-10-31 15:08:37 INFO  [main] Listeners - Test Case Failure
2025-10-31 15:08:37 INFO  [main] Listeners - Test Case Started
2025-10-31 15:08:37 INFO  [main] Login_Test_Data - BlockLoginCredentials
2025-10-31 15:08:37 INFO  [main] Login_Test_Data - Attempting login for user: Check
2025-10-31 15:08:37 INFO  [main] Login_page - Login Method Called
2025-10-31 15:08:37 INFO  [main] Login_page - Entered UserName is :Check
2025-10-31 15:08:37 INFO  [main] Login_page - Password Entered
2025-10-31 15:08:40 INFO  [main] Helper_Class - Login Submit Button Clicked
2025-10-31 15:08:46 INFO  [main] Login_page - This is failed test text
2025-10-31 15:08:46 INFO  [main] Login_page - Invalid user name or password or Deactivated.
2025-10-31 15:08:46 ERROR [main] Login_Test_Data - Assertion failed: Error Message Does Not Matched expected [Invalid user name or password.] but found [Invalid user name or password or Deactivated.]
2025-10-31 15:08:46 INFO  [main] Listeners - Test Case Failure
2025-10-31 15:08:46 INFO  [main] Listeners - Test Case Started
2025-10-31 15:08:46 INFO  [main] Login_Test_Data - BlockLoginCredentials
2025-10-31 15:08:46 INFO  [main] Login_Test_Data - Attempting login for user: Check
2025-10-31 15:08:46 INFO  [main] Login_page - Login Method Called
2025-10-31 15:08:46 INFO  [main] Login_page - Entered UserName is :Check
2025-10-31 15:08:46 INFO  [main] Login_page - Password Entered
2025-10-31 15:08:49 INFO  [main] Helper_Class - Login Submit Button Clicked
2025-10-31 15:08:55 ERROR [main] Login_Test_Data - Assertion failed: Login failed for valid credentials expected [true] but found [false]
2025-10-31 15:08:55 INFO  [main] Listeners - Test Case Failure
2025-10-31 15:08:55 INFO  [main] Listeners - Test Case Started
2025-10-31 15:08:55 INFO  [main] Login_Test_Data - BlockLoginCredentials
2025-10-31 15:08:55 INFO  [main] Login_Test_Data - Attempting login for user: Check
2025-10-31 15:08:55 INFO  [main] Login_page - Login Method Called
2025-10-31 15:08:55 INFO  [main] Login_page - Entered UserName is :Check
2025-10-31 15:08:55 INFO  [main] Login_page - Password Entered
2025-10-31 15:08:59 INFO  [main] Helper_Class - Login Submit Button Clicked
2025-10-31 15:09:05 INFO  [main] Login_page - This is failed test text
2025-10-31 15:09:05 INFO  [main] Login_page - Invalid user name or password or Deactivated.
2025-10-31 15:09:05 ERROR [main] Login_Test_Data - Assertion failed: Error Message Does Not Matched expected [Invalid user name or password.] but found [Invalid user name or password or Deactivated.]
2025-10-31 15:09:05 INFO  [main] Listeners - Test Case Failure
2025-10-31 15:09:05 INFO  [main] Listeners - Test Case Started
2025-10-31 15:09:05 INFO  [main] Login_Test_Data - BlockLoginCredentials
2025-10-31 15:09:05 INFO  [main] Login_Test_Data - Attempting login for user: Check
2025-10-31 15:09:05 INFO  [main] Login_page - Login Method Called
2025-10-31 15:09:05 INFO  [main] Login_page - Entered UserName is :Check
2025-10-31 15:09:05 INFO  [main] Login_page - Password Entered
2025-10-31 15:09:08 INFO  [main] Helper_Class - Login Submit Button Clicked
2025-10-31 15:09:11 INFO  [main] Login_page - This is failed test text
2025-10-31 15:09:11 INFO  [main] Listeners - Test Case Failure
2025-10-31 15:09:11 INFO  [main] Listeners - Test Case Failure
2025-10-31 15:09:11 INFO  [main] Base_Class - Closing Browser Method
2025-10-31 15:09:11 ERROR [main] Base_Class - Browser not closed! Exception:Tried to run command without establishing a connection
Build info: version: '4.26.0', revision: '8ccf0219d7'
System info: os.name: 'Windows 11', os.arch: 'amd64', os.version: '10.0', java.version: '17.0.14'
Driver info: org.openqa.selenium.firefox.FirefoxDriver
Command: [1e76410c-2148-401a-bb45-dc0337bb3894, close {}]
Capabilities {acceptInsecureCerts: true, browserName: firefox, browserVersion: 144.0.2, moz:accessibilityChecks: false, moz:buildID: 20251027123126, moz:geckodriverVersion: 0.36.0, moz:headless: false, moz:platformVersion: 10.0, moz:processID: 22436, moz:profile: C:\Users\SRIHAR~1.GOW\AppDa..., moz:shutdownTimeout: 60000, moz:webdriverClick: true, moz:windowless: false, pageLoadStrategy: normal, platformName: windows, proxy: Proxy(), setWindowRect: true, strictFileInteractability: false, timeouts: {implicit: 0, pageLoad: 300000, script: 30000}, unhandledPromptBehavior: dismiss and notify, userAgent: Mozilla/5.0 (Windows NT 10....}
Session ID: 1e76410c-2148-401a-bb45-dc0337bb3894
2025-10-31 15:10:08 INFO  [main] Base_Class - Application Started
2025-10-31 15:10:08 INFO  [main] Base_Class - ===================
2025-10-31 15:10:15 INFO  [main] Base_Class - FireFoxDriver Object is Created  FirefoxDriver: firefox on windows (fc5c4748-8d22-4009-950f-7cabe5310d56)
2025-10-31 15:10:15 INFO  [main] Base_Class - Browser Got Opened
2025-10-31 15:10:15 INFO  [main] Base_Class - url Called  http://192.168.2.27:9091/
2025-10-31 15:10:15 INFO  [main] Base_Class - Tear Up is Done
2025-10-31 15:10:17 INFO  [main] Listeners - Test Case Started
2025-10-31 15:10:17 INFO  [main] Login - Login User method Started
2025-10-31 15:10:17 INFO  [main] Login - Login Page Method call
2025-10-31 15:10:17 INFO  [main] Login_page - Login Method Called
2025-10-31 15:10:18 INFO  [main] Login_page - Entered UserName is :Approver
2025-10-31 15:10:18 INFO  [main] Login_page - Password Entered
2025-10-31 15:10:22 INFO  [main] Helper_Class - Login Submit Button Clicked
2025-10-31 15:10:22 INFO  [main] Login_page - Submit Button Clicked
2025-10-31 15:10:22 INFO  [main] Helper_Class - Home Title is visible
2025-10-31 15:10:22 INFO  [main] Login - Login Test Completed Successfully
2025-10-31 15:10:22 INFO  [main] Listeners - Test Case Success
2025-10-31 15:10:22 INFO  [main] Listeners - Test Case Started
2025-10-31 15:10:22 INFO  [main] Login_Test_Data - Logout for the User
2025-10-31 15:10:22 INFO  [main] Login_page - This is logout method
2025-10-31 15:10:22 INFO  [main] Login_page - Is ProfileDropdown displayed? true
2025-10-31 15:10:22 INFO  [main] Login_page - Is ProfileDropdown enabled? true
2025-10-31 15:10:22 INFO  [main] Login_page - Approver ApproverMain User
2025-10-31 15:10:25 INFO  [main] Helper_Class - Sign out Button Clicked
2025-10-31 15:10:29 INFO  [main] Helper_Class - Confirm Yes Button Clicked
2025-10-31 15:10:29 INFO  [main] Login_page - Logout Success
2025-10-31 15:10:29 INFO  [main] Listeners - Test Case Success
2025-10-31 15:10:29 INFO  [main] Listeners - Test Case Started
2025-10-31 15:10:29 INFO  [main] Login_Test_Data - Login Test Started
2025-10-31 15:10:29 INFO  [main] Login_Test_Data - Attempting login for user: Approver1
2025-10-31 15:10:29 INFO  [main] Login_page - Login Method Called
2025-10-31 15:10:29 INFO  [main] Login_page - Entered UserName is :Approver1
2025-10-31 15:10:29 INFO  [main] Login_page - Password Entered
2025-10-31 15:10:32 INFO  [main] Helper_Class - Login Submit Button Clicked
2025-10-31 15:10:38 INFO  [main] Login_page - This is failed test text
2025-10-31 15:10:38 INFO  [main] Login_page - Invalid user name or password or Deactivated.
2025-10-31 15:10:38 INFO  [main] Listeners - Test Case Success
2025-10-31 15:10:38 INFO  [main] Listeners - Test Case Started
2025-10-31 15:10:38 INFO  [main] Login_Test_Data - Login Test Started
2025-10-31 15:10:38 INFO  [main] Login_Test_Data - Attempting login for user: Approver
2025-10-31 15:10:38 INFO  [main] Login_page - Login Method Called
2025-10-31 15:10:38 INFO  [main] Login_page - Entered UserName is :Approver
2025-10-31 15:10:38 INFO  [main] Login_page - Password Entered
2025-10-31 15:10:42 INFO  [main] Helper_Class - Login Submit Button Clicked
2025-10-31 15:10:48 INFO  [main] Login_page - This is failed test text
2025-10-31 15:10:48 INFO  [main] Login_page - Invalid user name or password.
2025-10-31 15:10:48 INFO  [main] Listeners - Test Case Success
2025-10-31 15:10:48 INFO  [main] Listeners - Test Case Started
2025-10-31 15:10:48 INFO  [main] Login_Test_Data - Login Test Started
2025-10-31 15:10:48 INFO  [main] Login_Test_Data - Attempting login for user: Approver1
2025-10-31 15:10:48 INFO  [main] Login_page - Login Method Called
2025-10-31 15:10:48 INFO  [main] Login_page - Entered UserName is :Approver1
2025-10-31 15:10:48 INFO  [main] Login_page - Password Entered
2025-10-31 15:10:51 INFO  [main] Helper_Class - Login Submit Button Clicked
2025-10-31 15:10:57 INFO  [main] Login_page - This is failed test text
2025-10-31 15:10:57 INFO  [main] Login_page - Invalid user name or password or Deactivated.
2025-10-31 15:10:57 INFO  [main] Listeners - Test Case Success
2025-10-31 15:10:57 INFO  [main] Listeners - Test Case Started
2025-10-31 15:10:57 INFO  [main] Login_Test_Data - Login Test Started
2025-10-31 15:10:57 INFO  [main] Login_Test_Data - Attempting login for user: Approver
2025-10-31 15:10:57 INFO  [main] Login_page - Login Method Called
2025-10-31 15:10:57 INFO  [main] Login_page - Entered UserName is :Approver
2025-10-31 15:10:57 INFO  [main] Login_page - Password Entered
2025-10-31 15:11:01 INFO  [main] Helper_Class - Login Submit Button Clicked
2025-10-31 15:11:01 INFO  [main] Helper_Class - Home Title is visible
2025-10-31 15:11:01 INFO  [main] Login_Test_Data - Login Success for User: Approver
2025-10-31 15:11:01 INFO  [main] Login_Test_Data - Logout for the User
2025-10-31 15:11:01 INFO  [main] Login_page - This is logout method
2025-10-31 15:11:01 INFO  [main] Login_page - Is ProfileDropdown displayed? true
2025-10-31 15:11:01 INFO  [main] Login_page - Is ProfileDropdown enabled? true
2025-10-31 15:11:01 INFO  [main] Login_page - Main User
2025-10-31 15:11:04 INFO  [main] Helper_Class - Sign out Button Clicked
2025-10-31 15:11:08 INFO  [main] Helper_Class - Confirm Yes Button Clicked
2025-10-31 15:11:08 INFO  [main] Login_page - Logout Success
2025-10-31 15:11:08 INFO  [main] Listeners - Test Case Success
2025-10-31 15:11:08 INFO  [main] Listeners - Test Case Started
2025-10-31 15:11:08 INFO  [main] Login_Test_Data - BlockLoginCredentials
2025-10-31 15:11:08 INFO  [main] Login_Test_Data - Attempting login for user: Check
2025-10-31 15:11:08 INFO  [main] Login_page - Login Method Called
2025-10-31 15:11:08 INFO  [main] Login_page - Entered UserName is :Check
2025-10-31 15:11:08 INFO  [main] Login_page - Password Entered
2025-10-31 15:11:11 INFO  [main] Helper_Class - Login Submit Button Clicked
2025-10-31 15:11:17 INFO  [main] Login_page - This is failed test text
2025-10-31 15:11:17 INFO  [main] Login_page - Invalid user name or password.
2025-10-31 15:11:17 INFO  [main] Listeners - Test Case Success
2025-10-31 15:11:17 INFO  [main] Listeners - Test Case Started
2025-10-31 15:11:17 INFO  [main] Login_Test_Data - BlockLoginCredentials
2025-10-31 15:11:17 INFO  [main] Login_Test_Data - Attempting login for user: Check
2025-10-31 15:11:17 INFO  [main] Login_page - Login Method Called
2025-10-31 15:11:17 INFO  [main] Login_page - Entered UserName is :Check
2025-10-31 15:11:17 INFO  [main] Login_page - Password Entered
2025-10-31 15:11:20 INFO  [main] Helper_Class - Login Submit Button Clicked
2025-10-31 15:11:26 INFO  [main] Login_page - This is failed test text
2025-10-31 15:11:27 INFO  [main] Login_page - Invalid user name or password.
2025-10-31 15:11:27 INFO  [main] Listeners - Test Case Success
2025-10-31 15:11:27 INFO  [main] Listeners - Test Case Started
2025-10-31 15:11:27 INFO  [main] Login_Test_Data - BlockLoginCredentials
2025-10-31 15:11:27 INFO  [main] Login_Test_Data - Attempting login for user: Check
2025-10-31 15:11:27 INFO  [main] Login_page - Login Method Called
2025-10-31 15:11:27 INFO  [main] Login_page - Entered UserName is :Check
2025-10-31 15:11:27 INFO  [main] Login_page - Password Entered
2025-10-31 15:11:30 INFO  [main] Helper_Class - Login Submit Button Clicked
2025-10-31 15:11:30 INFO  [main] Helper_Class - Home Title is visible
2025-10-31 15:11:30 INFO  [main] Login_Test_Data - Login Success for User: Check
2025-10-31 15:11:30 INFO  [main] Login_Test_Data - Logout for the User
2025-10-31 15:11:30 INFO  [main] Login_page - This is logout method
2025-10-31 15:11:30 INFO  [main] Login_page - Is ProfileDropdown displayed? true
2025-10-31 15:11:30 INFO  [main] Login_page - Is ProfileDropdown enabled? true
2025-10-31 15:11:30 INFO  [main] Login_page - Main User
2025-10-31 15:11:34 INFO  [main] Helper_Class - Sign out Button Clicked
2025-10-31 15:11:37 INFO  [main] Helper_Class - Confirm Yes Button Clicked
2025-10-31 15:11:37 INFO  [main] Login_page - Logout Success
2025-10-31 15:11:37 INFO  [main] Listeners - Test Case Success
2025-10-31 15:11:37 INFO  [main] Listeners - Test Case Started
2025-10-31 15:11:37 INFO  [main] Login_Test_Data - BlockLoginCredentials
2025-10-31 15:11:37 INFO  [main] Login_Test_Data - Attempting login for user: Check
2025-10-31 15:11:37 INFO  [main] Login_page - Login Method Called
2025-10-31 15:11:37 INFO  [main] Login_page - Entered UserName is :Check
2025-10-31 15:11:37 INFO  [main] Login_page - Password Entered
2025-10-31 15:11:40 INFO  [main] Helper_Class - Login Submit Button Clicked
2025-10-31 15:11:46 INFO  [main] Login_page - This is failed test text
2025-10-31 15:11:46 INFO  [main] Login_page - Invalid user name or password.
2025-10-31 15:11:46 INFO  [main] Listeners - Test Case Success
2025-10-31 15:11:46 INFO  [main] Listeners - Test Case Started
2025-10-31 15:11:46 INFO  [main] Login_Test_Data - BlockLoginCredentials
2025-10-31 15:11:46 INFO  [main] Login_Test_Data - Attempting login for user: Check
2025-10-31 15:11:46 INFO  [main] Login_page - Login Method Called
2025-10-31 15:11:46 INFO  [main] Login_page - Entered UserName is :Check
2025-10-31 15:11:46 INFO  [main] Login_page - Password Entered
2025-10-31 15:11:50 INFO  [main] Helper_Class - Login Submit Button Clicked
2025-10-31 15:11:56 INFO  [main] Login_page - This is failed test text
2025-10-31 15:11:56 INFO  [main] Login_page - Invalid user name or password.
2025-10-31 15:11:56 INFO  [main] Listeners - Test Case Success
2025-10-31 15:11:56 INFO  [main] Listeners - Test Case Started
2025-10-31 15:11:56 INFO  [main] Login_Test_Data - BlockLoginCredentials
2025-10-31 15:11:56 INFO  [main] Login_Test_Data - Attempting login for user: Check
2025-10-31 15:11:56 INFO  [main] Login_page - Login Method Called
2025-10-31 15:11:56 INFO  [main] Login_page - Entered UserName is :Check
2025-10-31 15:11:56 INFO  [main] Login_page - Password Entered
2025-10-31 15:11:59 INFO  [main] Helper_Class - Login Submit Button Clicked
2025-10-31 15:12:05 INFO  [main] Login_page - This is failed test text
2025-10-31 15:12:05 INFO  [main] Login_page - Your account has been disabled due to maximum failed login attempts. Please contact System Administrator.
2025-10-31 15:12:05 INFO  [main] Listeners - Test Case Success
2025-10-31 15:12:05 INFO  [main] Listeners - Test Case Started
2025-10-31 15:12:05 INFO  [main] Login_Test_Data - Main Users Login
2025-10-31 15:12:05 INFO  [main] Login - Login User method Started
2025-10-31 15:12:05 INFO  [main] Login - Login Page Method call
2025-10-31 15:12:05 INFO  [main] Login_page - Login Method Called
2025-10-31 15:12:05 INFO  [main] Login_page - Entered UserName is :Approver
2025-10-31 15:12:05 INFO  [main] Login_page - Password Entered
2025-10-31 15:12:09 INFO  [main] Helper_Class - Login Submit Button Clicked
2025-10-31 15:12:09 INFO  [main] Login_page - Submit Button Clicked
2025-10-31 15:12:09 INFO  [main] Helper_Class - Home Title is visible
2025-10-31 15:12:09 INFO  [main] Login - Login Test Completed Successfully
2025-10-31 15:12:09 INFO  [main] Login_Test_Data - User Logged In
2025-10-31 15:12:09 INFO  [main] Listeners - Test Case Success
2025-10-31 15:12:09 INFO  [main] Access_permissions - Access Permissions link Click
2025-10-31 15:12:09 INFO  [main] Listeners - Test Case Started
2025-10-31 15:12:09 INFO  [main] Access_permissions - This is Add Group Method
2025-10-31 15:12:12 INFO  [main] Helper_Class - Access Permissions Module Clicked
2025-10-31 15:12:16 INFO  [main] Helper_Class - Sub Module Group is clicked Clicked
2025-10-31 15:12:16 INFO  [main] Helper_Class - New Group Button is clicked Clicked
2025-10-31 15:12:19 INFO  [main] Helper_Class - All Modules is clicked Clicked
2025-10-31 15:12:19 INFO  [main] Access_Permissions_page - Group Created Successfully
2025-10-31 15:12:19 INFO  [main] Listeners - Test Case Success
2025-10-31 15:12:19 INFO  [main] Listeners - Test Case Started
2025-10-31 15:12:19 INFO  [main] Access_permissions - This is View Group Method
2025-10-31 15:12:19 INFO  [main] Access_Permissions_page - View Group method entered
2025-10-31 15:12:23 INFO  [main] Helper_Class - View Group Clicked
2025-10-31 15:12:26 INFO  [main] Helper_Class - Close Group Clicked
2025-10-31 15:12:26 INFO  [main] Access_Permissions_page - View Group Successfull
2025-10-31 15:12:26 INFO  [main] Listeners - Test Case Success
2025-10-31 15:12:26 INFO  [main] Listeners - Test Case Started
2025-10-31 15:12:26 INFO  [main] Access_permissions - This is Edit Group Method
2025-10-31 15:12:26 INFO  [main] Access_Permissions_page - Edit Group method entered
2025-10-31 15:12:29 INFO  [main] Helper_Class - Edit Group Clicked
2025-10-31 15:12:33 INFO  [main] Helper_Class - Save Group Clicked
2025-10-31 15:12:33 INFO  [main] Access_Permissions_page - Edit Group Successfull
2025-10-31 15:12:33 INFO  [main] Listeners - Test Case Success
2025-10-31 15:12:33 INFO  [main] Listeners - Test Case Started
2025-10-31 15:12:33 INFO  [main] Access_permissions - This is Delete Group Method
2025-10-31 15:12:33 INFO  [main] Access_Permissions_page - Delete Group method entered
2025-10-31 15:12:36 INFO  [main] Helper_Class - Delete Group Clicked
2025-10-31 15:12:39 INFO  [main] Helper_Class - Delete Yes Clicked
2025-10-31 15:12:39 INFO  [main] Access_Permissions_page - Delete Group Successfull
2025-10-31 15:12:39 INFO  [main] Listeners - Test Case Success
2025-10-31 15:12:39 INFO  [main] Listeners - Test Case Started
2025-10-31 15:12:39 INFO  [main] Access_permissions - This is Add Role Method
2025-10-31 15:12:43 INFO  [main] Helper_Class - Roles Module Clicked
2025-10-31 15:12:47 INFO  [main] Helper_Class - Add New Role Clicked
2025-10-31 15:12:50 INFO  [main] Helper_Class - Group Down Selected  Clicked
2025-10-31 15:12:53 INFO  [main] Helper_Class - Select Group Name Clicked
2025-10-31 15:12:57 INFO  [main] Helper_Class - Select Permissions Access Permissions Clicked
2025-10-31 15:13:00 INFO  [main] Helper_Class - Group Add Permissions in Access Permissions for Role Clicked
2025-10-31 15:13:03 INFO  [main] Helper_Class - Select Permissions Access Permissions Clicked
2025-10-31 15:13:03 INFO  [main] Helper_Class - Role Saved JS Clicked
2025-10-31 15:13:03 INFO  [main] Access_Permissions_page - Roles Created Successfully
2025-10-31 15:13:03 INFO  [main] Listeners - Test Case Success
2025-10-31 15:13:03 INFO  [main] Listeners - Test Case Started
2025-10-31 15:13:03 INFO  [main] Access_permissions - This is View Role Method
2025-10-31 15:13:03 INFO  [main] Access_Permissions_page - View Role method entered
2025-10-31 15:13:07 INFO  [main] Helper_Class - View Role Clicked
2025-10-31 15:13:10 INFO  [main] Helper_Class - Close Role Clicked
2025-10-31 15:13:10 INFO  [main] Access_Permissions_page - View Role Successfull
2025-10-31 15:13:10 INFO  [main] Listeners - Test Case Success
2025-10-31 15:13:10 INFO  [main] Listeners - Test Case Started
2025-10-31 15:13:10 INFO  [main] Access_permissions - This is Edit Role Method
2025-10-31 15:13:10 INFO  [main] Access_Permissions_page - Edit Role method entered
2025-10-31 15:13:13 INFO  [main] Helper_Class - Edit Role Clicked
2025-10-31 15:13:17 INFO  [main] Helper_Class - Save Role Clicked
2025-10-31 15:13:17 INFO  [main] Access_Permissions_page - Edit Role Successfull
2025-10-31 15:13:17 INFO  [main] Listeners - Test Case Success
2025-10-31 15:13:17 INFO  [main] Listeners - Test Case Started
2025-10-31 15:13:17 INFO  [main] Access_permissions - This is Delete Role Method
2025-10-31 15:13:17 INFO  [main] Access_Permissions_page - Delete Role method entered
2025-10-31 15:13:20 INFO  [main] Helper_Class - Delete Role Icon  Clicked
2025-10-31 15:13:24 INFO  [main] Helper_Class - Delete Yes Clicked
2025-10-31 15:13:24 INFO  [main] Access_Permissions_page - Delete Role Successfull
2025-10-31 15:13:24 INFO  [main] Listeners - Test Case Success
2025-10-31 15:13:24 INFO  [main] Listeners - Test Case Started
2025-10-31 15:13:24 INFO  [main] Access_permissions - This is an Add User Method
2025-10-31 15:13:28 INFO  [main] Helper_Class - Select Role User  Radio Button  Clicked
2025-10-31 15:13:31 INFO  [main] Helper_Class - Selected Role User  Radio Button  Clicked
2025-10-31 15:13:31 INFO  [main] Helper_Class - Active User Radio Button JS Clicked
2025-10-31 15:13:36 INFO  [main] Helper_Class - Submit Button Clicked
2025-10-31 15:13:36 INFO  [main] Access_Permissions_page - User Created Successfully
2025-10-31 15:13:36 INFO  [main] Listeners - Test Case Success
2025-10-31 15:13:36 INFO  [main] Listeners - Test Case Started
2025-10-31 15:13:36 INFO  [main] Access_permissions - This is User View  Method
2025-10-31 15:13:36 INFO  [main] Access_Permissions_page - View User method entered
2025-10-31 15:13:47 ERROR [main] Access_Permissions_page - View User Failed
2025-10-31 15:13:47 INFO  [main] Listeners - Test Case Failure
2025-10-31 15:13:47 INFO  [main] Listeners - Test Case Started
2025-10-31 15:13:47 INFO  [main] Listeners - Test Case Started
2025-10-31 15:13:47 INFO  [main] Listeners - Test Case Started
2025-10-31 15:13:47 INFO  [main] Login - Logout for the User
2025-10-31 15:13:47 INFO  [main] Login_page - This is logout method
2025-10-31 15:13:47 INFO  [main] Login_page - Is ProfileDropdown displayed? true
2025-10-31 15:13:47 INFO  [main] Login_page - Is ProfileDropdown enabled? true
2025-10-31 15:13:47 INFO  [main] Login_page - Approver ApproverMain User
2025-10-31 15:13:50 INFO  [main] Helper_Class - Sign out Button Clicked
2025-10-31 15:13:54 INFO  [main] Helper_Class - Confirm Yes Button Clicked
2025-10-31 15:13:54 INFO  [main] Login_page - Logout Success
2025-10-31 15:13:54 INFO  [main] Listeners - Test Case Success
2025-10-31 15:13:54 INFO  [main] Base_Class - Closing Browser Method
2025-10-31 15:13:55 INFO  [main] Base_Class - Application Closed
2025-10-31 15:13:55 INFO  [main] Base_Class - ===================
