2025-12-18 12:31:07 INFO  [main] BaseClass - Application Started
2025-12-18 12:31:07 INFO  [main] BaseClass - ===================
2025-12-18 12:31:13 INFO  [main] BaseClass - FireFoxDriver Object is Created  FirefoxDriver: firefox on windows (020b2210-1fb6-4719-8942-bed1010bd4b0)
2025-12-18 12:31:13 INFO  [main] BaseClass - Browser Got Opened
2025-12-18 12:31:14 INFO  [main] BaseClass - url Called  http://192.168.2.27:9092/
2025-12-18 12:31:14 INFO  [main] BaseClass - Tear Up is Done
2025-12-18 12:31:15 INFO  [main] Listeners - Test Case Started
2025-12-18 12:31:15 INFO  [main] Login - Login User method Started
2025-12-18 12:31:15 INFO  [main] Login - Login Page Method call
2025-12-18 12:31:15 INFO  [main] LoginPage - Login Method Called
2025-12-18 12:31:15 INFO  [main] LoginPage - Entered UserName is :Approver
2025-12-18 12:31:15 INFO  [main] LoginPage - Password Entered
2025-12-18 12:31:18 INFO  [main] HelperClass - Login Submit Button Clicked
2025-12-18 12:31:18 INFO  [main] LoginPage - Submit Button Clicked
2025-12-18 12:31:18 INFO  [main] HelperClass - Home Title is visible
2025-12-18 12:31:18 INFO  [main] Login - Login Test Completed Successfully
2025-12-18 12:31:18 INFO  [main] Listeners - Test Case Success
2025-12-18 12:31:18 INFO  [main] Listeners - Test Case Started
2025-12-18 12:31:18 INFO  [main] LoginTest - Logout for the User
2025-12-18 12:31:18 INFO  [main] LoginPage - This is logout method
2025-12-18 12:31:18 INFO  [main] LoginPage - Is ProfileDropdown displayed? true
2025-12-18 12:31:18 INFO  [main] LoginPage - Is ProfileDropdown enabled? true
2025-12-18 12:31:18 INFO  [main] LoginPage - Approver ApproverMain User
2025-12-18 12:31:19 INFO  [main] HelperClass - Sign out Button Clicked
2025-12-18 12:31:19 INFO  [main] HelperClass - Confirm Yes Button Clicked
2025-12-18 12:31:19 INFO  [main] LoginPage - Logout Success
2025-12-18 12:31:19 INFO  [main] Listeners - Test Case Success
2025-12-18 12:31:19 INFO  [main] Listeners - Test Case Started
2025-12-18 12:31:19 INFO  [main] LoginTest - Login Test Started
2025-12-18 12:31:19 INFO  [main] LoginTest - Attempting login for user: Approver1
2025-12-18 12:31:19 INFO  [main] LoginPage - Login Method Called
2025-12-18 12:31:19 INFO  [main] LoginPage - Entered UserName is :Approver1
2025-12-18 12:31:19 INFO  [main] LoginPage - Password Entered
2025-12-18 12:31:19 INFO  [main] HelperClass - Login Submit Button Clicked
2025-12-18 12:31:20 INFO  [main] LoginPage - This is failed test text
2025-12-18 12:31:20 INFO  [main] LoginPage - Invalid user name or password or Deactivated.
2025-12-18 12:31:21 INFO  [main] Listeners - Test Case Success
2025-12-18 12:31:21 INFO  [main] Listeners - Test Case Started
2025-12-18 12:31:21 INFO  [main] LoginTest - Login Test Started
2025-12-18 12:31:21 INFO  [main] LoginTest - Attempting login for user: Approver
2025-12-18 12:31:21 INFO  [main] LoginPage - Login Method Called
2025-12-18 12:31:21 INFO  [main] LoginPage - Entered UserName is :Approver
2025-12-18 12:31:21 INFO  [main] LoginPage - Password Entered
2025-12-18 12:31:21 INFO  [main] HelperClass - Login Submit Button Clicked
2025-12-18 12:31:22 INFO  [main] LoginPage - This is failed test text
2025-12-18 12:31:22 INFO  [main] LoginPage - Invalid user name or password.
2025-12-18 12:31:22 INFO  [main] Listeners - Test Case Success
2025-12-18 12:31:22 INFO  [main] Listeners - Test Case Started
2025-12-18 12:31:22 INFO  [main] LoginTest - Login Test Started
2025-12-18 12:31:22 INFO  [main] LoginTest - Attempting login for user: Approver1
2025-12-18 12:31:22 INFO  [main] LoginPage - Login Method Called
2025-12-18 12:31:22 INFO  [main] LoginPage - Entered UserName is :Approver1
2025-12-18 12:31:22 INFO  [main] LoginPage - Password Entered
2025-12-18 12:31:22 INFO  [main] HelperClass - Login Submit Button Clicked
2025-12-18 12:31:23 INFO  [main] LoginPage - This is failed test text
2025-12-18 12:31:23 INFO  [main] LoginPage - Invalid user name or password or Deactivated.
2025-12-18 12:31:23 INFO  [main] Listeners - Test Case Success
2025-12-18 12:31:23 INFO  [main] Listeners - Test Case Started
2025-12-18 12:31:23 INFO  [main] LoginTest - Login Test Started
2025-12-18 12:31:23 INFO  [main] LoginTest - Attempting login for user: Approver
2025-12-18 12:31:23 INFO  [main] LoginPage - Login Method Called
2025-12-18 12:31:23 INFO  [main] LoginPage - Entered UserName is :Approver
2025-12-18 12:31:24 INFO  [main] LoginPage - Password Entered
2025-12-18 12:31:25 INFO  [main] HelperClass - Login Submit Button Clicked
2025-12-18 12:31:25 INFO  [main] HelperClass - Home Title is visible
2025-12-18 12:31:25 INFO  [main] LoginTest - Login Success for User: Approver
2025-12-18 12:31:25 INFO  [main] LoginTest - Logout for the User
2025-12-18 12:31:25 INFO  [main] LoginPage - This is logout method
2025-12-18 12:31:25 INFO  [main] LoginPage - Is ProfileDropdown displayed? true
2025-12-18 12:31:25 INFO  [main] LoginPage - Is ProfileDropdown enabled? true
2025-12-18 12:31:25 INFO  [main] LoginPage - Main User
2025-12-18 12:31:25 INFO  [main] HelperClass - Sign out Button Clicked
2025-12-18 12:31:26 INFO  [main] HelperClass - Confirm Yes Button Clicked
2025-12-18 12:31:26 INFO  [main] LoginPage - Logout Success
2025-12-18 12:31:26 INFO  [main] Listeners - Test Case Success
2025-12-18 12:31:26 INFO  [main] Listeners - Test Case Started
2025-12-18 12:31:26 INFO  [main] LoginTest - BlockLoginCredentials
2025-12-18 12:31:26 INFO  [main] LoginTest - Attempting login for user: Check
2025-12-18 12:31:26 INFO  [main] LoginPage - Login Method Called
2025-12-18 12:31:26 INFO  [main] LoginPage - Entered UserName is :Check
2025-12-18 12:31:26 INFO  [main] LoginPage - Password Entered
2025-12-18 12:31:26 INFO  [main] HelperClass - Login Submit Button Clicked
2025-12-18 12:31:27 INFO  [main] LoginPage - This is failed test text
2025-12-18 12:31:27 INFO  [main] LoginPage - Invalid user name or password.
2025-12-18 12:31:27 INFO  [main] Listeners - Test Case Success
2025-12-18 12:31:27 INFO  [main] Listeners - Test Case Started
2025-12-18 12:31:27 INFO  [main] LoginTest - BlockLoginCredentials
2025-12-18 12:31:27 INFO  [main] LoginTest - Attempting login for user: Check
2025-12-18 12:31:27 INFO  [main] LoginPage - Login Method Called
2025-12-18 12:31:27 INFO  [main] LoginPage - Entered UserName is :Check
2025-12-18 12:31:27 INFO  [main] LoginPage - Password Entered
2025-12-18 12:31:28 INFO  [main] HelperClass - Login Submit Button Clicked
2025-12-18 12:31:29 INFO  [main] LoginPage - This is failed test text
2025-12-18 12:31:29 INFO  [main] LoginPage - Invalid user name or password.
2025-12-18 12:31:29 INFO  [main] Listeners - Test Case Success
2025-12-18 12:31:29 INFO  [main] Listeners - Test Case Started
2025-12-18 12:31:29 INFO  [main] LoginTest - BlockLoginCredentials
2025-12-18 12:31:29 INFO  [main] LoginTest - Attempting login for user: Check
2025-12-18 12:31:29 INFO  [main] LoginPage - Login Method Called
2025-12-18 12:31:29 INFO  [main] LoginPage - Entered UserName is :Check
2025-12-18 12:31:29 INFO  [main] LoginPage - Password Entered
2025-12-18 12:31:30 INFO  [main] HelperClass - Login Submit Button Clicked
2025-12-18 12:31:30 INFO  [main] HelperClass - Home Title is visible
2025-12-18 12:31:30 INFO  [main] LoginTest - Login Success for User: Check
2025-12-18 12:31:30 INFO  [main] LoginTest - Logout for the User
2025-12-18 12:31:30 INFO  [main] LoginPage - This is logout method
2025-12-18 12:31:30 INFO  [main] LoginPage - Is ProfileDropdown displayed? true
2025-12-18 12:31:30 INFO  [main] LoginPage - Is ProfileDropdown enabled? true
2025-12-18 12:31:30 INFO  [main] LoginPage - Main User
2025-12-18 12:31:30 INFO  [main] HelperClass - Sign out Button Clicked
2025-12-18 12:31:30 INFO  [main] HelperClass - Confirm Yes Button Clicked
2025-12-18 12:31:30 INFO  [main] LoginPage - Logout Success
2025-12-18 12:31:30 INFO  [main] Listeners - Test Case Success
2025-12-18 12:31:31 INFO  [main] Listeners - Test Case Started
2025-12-18 12:31:31 INFO  [main] LoginTest - BlockLoginCredentials
2025-12-18 12:31:31 INFO  [main] LoginTest - Attempting login for user: Check
2025-12-18 12:31:31 INFO  [main] LoginPage - Login Method Called
2025-12-18 12:31:31 INFO  [main] LoginPage - Entered UserName is :Check
2025-12-18 12:31:31 INFO  [main] LoginPage - Password Entered
2025-12-18 12:31:31 INFO  [main] HelperClass - Login Submit Button Clicked
2025-12-18 12:31:32 INFO  [main] LoginPage - This is failed test text
2025-12-18 12:31:32 INFO  [main] LoginPage - Invalid user name or password.
2025-12-18 12:31:32 INFO  [main] Listeners - Test Case Success
2025-12-18 12:31:32 INFO  [main] Listeners - Test Case Started
2025-12-18 12:31:32 INFO  [main] LoginTest - BlockLoginCredentials
2025-12-18 12:31:32 INFO  [main] LoginTest - Attempting login for user: Check
2025-12-18 12:31:32 INFO  [main] LoginPage - Login Method Called
2025-12-18 12:31:32 INFO  [main] LoginPage - Entered UserName is :Check
2025-12-18 12:31:32 INFO  [main] LoginPage - Password Entered
2025-12-18 12:31:32 INFO  [main] HelperClass - Login Submit Button Clicked
2025-12-18 12:31:33 INFO  [main] LoginPage - This is failed test text
2025-12-18 12:31:33 INFO  [main] LoginPage - Invalid user name or password.
2025-12-18 12:31:33 INFO  [main] Listeners - Test Case Success
2025-12-18 12:31:33 INFO  [main] Listeners - Test Case Started
2025-12-18 12:31:33 INFO  [main] LoginTest - BlockLoginCredentials
2025-12-18 12:31:33 INFO  [main] LoginTest - Attempting login for user: Check
2025-12-18 12:31:33 INFO  [main] LoginPage - Login Method Called
2025-12-18 12:31:33 INFO  [main] LoginPage - Entered UserName is :Check
2025-12-18 12:31:33 INFO  [main] LoginPage - Password Entered
2025-12-18 12:31:33 INFO  [main] HelperClass - Login Submit Button Clicked
2025-12-18 12:31:35 INFO  [main] LoginPage - This is failed test text
2025-12-18 12:31:35 INFO  [main] LoginPage - Your account has been disabled due to maximum failed login attempts. Please contact System Administrator.
2025-12-18 12:31:35 INFO  [main] Listeners - Test Case Success
2025-12-18 12:31:35 INFO  [main] Listeners - Test Case Started
2025-12-18 12:31:35 INFO  [main] LoginTest - Main Users Login
2025-12-18 12:31:35 INFO  [main] Login - Login User method Started
2025-12-18 12:31:35 INFO  [main] Login - Login Page Method call
2025-12-18 12:31:35 INFO  [main] LoginPage - Login Method Called
2025-12-18 12:31:35 INFO  [main] LoginPage - Entered UserName is :Approver
2025-12-18 12:31:35 INFO  [main] LoginPage - Password Entered
2025-12-18 12:31:36 INFO  [main] HelperClass - Login Submit Button Clicked
2025-12-18 12:31:36 INFO  [main] LoginPage - Submit Button Clicked
2025-12-18 12:31:36 INFO  [main] HelperClass - Home Title is visible
2025-12-18 12:31:36 INFO  [main] Login - Login Test Completed Successfully
2025-12-18 12:31:36 INFO  [main] LoginTest - User Logged In
2025-12-18 12:31:37 INFO  [main] Listeners - Test Case Success
2025-12-18 12:31:37 INFO  [main] AccessPermissions - Access Permissions link Click
2025-12-18 12:31:37 INFO  [main] Listeners - Test Case Started
2025-12-18 12:31:37 INFO  [main] AccessPermissions - This is Add Group Method
2025-12-18 12:31:37 INFO  [main] HelperClass - Access Permissions Module Clicked
2025-12-18 12:31:37 INFO  [main] HelperClass - Sub Module Group is clicked Clicked
2025-12-18 12:31:38 INFO  [main] HelperClass - New Group Button is clicked Clicked
2025-12-18 12:31:38 INFO  [main] HelperClass - All Modules is clicked Clicked
2025-12-18 12:31:38 INFO  [main] AccessPermissionsPage - Group Created Successfully
2025-12-18 12:31:38 INFO  [main] Listeners - Test Case Success
2025-12-18 12:31:38 INFO  [main] Listeners - Test Case Started
2025-12-18 12:31:38 INFO  [main] AccessPermissions - This is View Group Method
2025-12-18 12:31:38 INFO  [main] AccessPermissionsPage - View Group method entered
2025-12-18 12:31:39 INFO  [main] HelperClass - View Group Clicked
2025-12-18 12:31:39 INFO  [main] HelperClass - Close Group Clicked
2025-12-18 12:31:39 INFO  [main] AccessPermissionsPage - View Group Successfull
2025-12-18 12:31:39 INFO  [main] Listeners - Test Case Success
2025-12-18 12:31:40 INFO  [main] Listeners - Test Case Started
2025-12-18 12:31:40 INFO  [main] AccessPermissions - This is Edit Group Method
2025-12-18 12:31:40 INFO  [main] AccessPermissionsPage - Edit Group method entered
2025-12-18 12:31:40 INFO  [main] HelperClass - Edit Group Clicked
2025-12-18 12:31:40 INFO  [main] HelperClass - Save Group Clicked
2025-12-18 12:31:40 INFO  [main] AccessPermissionsPage - Edit Group Successfull
2025-12-18 12:31:40 INFO  [main] Listeners - Test Case Success
2025-12-18 12:31:40 INFO  [main] Listeners - Test Case Started
2025-12-18 12:31:40 INFO  [main] AccessPermissions - This is Delete Group Method
2025-12-18 12:31:40 INFO  [main] AccessPermissionsPage - Delete Group method entered
2025-12-18 12:31:40 INFO  [main] HelperClass - Delete Group Clicked
2025-12-18 12:31:41 INFO  [main] HelperClass - Delete Yes Clicked
2025-12-18 12:31:41 INFO  [main] AccessPermissionsPage - Delete Group Successfull
2025-12-18 12:31:41 INFO  [main] Listeners - Test Case Success
2025-12-18 12:31:41 INFO  [main] Listeners - Test Case Started
2025-12-18 12:31:41 INFO  [main] AccessPermissions - This is Add Role Method
2025-12-18 12:31:41 INFO  [main] HelperClass - Roles Module Clicked
2025-12-18 12:31:42 INFO  [main] HelperClass - Add New Role Clicked
2025-12-18 12:31:42 INFO  [main] HelperClass - Group Down Selected  Clicked
2025-12-18 12:31:43 INFO  [main] HelperClass - Select Group Name Clicked
2025-12-18 12:31:43 INFO  [main] HelperClass - Select Permissions Access Permissions Clicked
2025-12-18 12:31:43 INFO  [main] HelperClass - Group Add Permissions in Access Permissions for Role Clicked
2025-12-18 12:31:43 INFO  [main] HelperClass - Select Permissions Access Permissions Clicked
2025-12-18 12:31:43 INFO  [main] HelperClass - Role Saved JS Clicked
2025-12-18 12:31:43 INFO  [main] AccessPermissionsPage - Roles Created Successfully
2025-12-18 12:31:44 INFO  [main] Listeners - Test Case Success
2025-12-18 12:31:44 INFO  [main] Listeners - Test Case Started
2025-12-18 12:31:44 INFO  [main] AccessPermissions - This is View Role Method
2025-12-18 12:31:44 INFO  [main] AccessPermissionsPage - View Role method entered
2025-12-18 12:31:45 INFO  [main] HelperClass - View Role Clicked
2025-12-18 12:31:45 INFO  [main] HelperClass - Close Role Clicked
2025-12-18 12:31:45 INFO  [main] AccessPermissionsPage - View Role Successfull
2025-12-18 12:31:45 INFO  [main] Listeners - Test Case Success
2025-12-18 12:31:45 INFO  [main] Listeners - Test Case Started
2025-12-18 12:31:45 INFO  [main] AccessPermissions - This is Edit Role Method
2025-12-18 12:31:45 INFO  [main] AccessPermissionsPage - Edit Role method entered
2025-12-18 12:31:46 INFO  [main] HelperClass - Edit Role Clicked
2025-12-18 12:31:46 INFO  [main] HelperClass - Save Role Clicked
2025-12-18 12:31:46 INFO  [main] AccessPermissionsPage - Edit Role Successfull
2025-12-18 12:31:47 INFO  [main] Listeners - Test Case Success
2025-12-18 12:31:47 INFO  [main] Listeners - Test Case Started
2025-12-18 12:31:47 INFO  [main] AccessPermissions - This is Delete Role Method
2025-12-18 12:31:47 INFO  [main] AccessPermissionsPage - Delete Role method entered
2025-12-18 12:31:47 INFO  [main] HelperClass - Delete Role Icon  Clicked
2025-12-18 12:31:48 INFO  [main] HelperClass - Delete Yes Clicked
2025-12-18 12:31:48 INFO  [main] AccessPermissionsPage - Delete Role Successfull
2025-12-18 12:31:48 INFO  [main] Listeners - Test Case Success
2025-12-18 12:31:48 INFO  [main] Listeners - Test Case Started
2025-12-18 12:31:48 INFO  [main] AccessPermissions - This is an Add User Method
2025-12-18 12:31:49 INFO  [main] HelperClass - Select Role User  Radio Button  Clicked
2025-12-18 12:31:49 INFO  [main] HelperClass - Selected Role User  Radio Button  Clicked
2025-12-18 12:31:50 INFO  [main] HelperClass - Active User Radio Button JS Clicked
2025-12-18 12:31:50 INFO  [main] HelperClass - Submit Button Clicked
2025-12-18 12:31:50 INFO  [main] AccessPermissionsPage - User Created Successfully
2025-12-18 12:31:50 INFO  [main] Listeners - Test Case Success
2025-12-18 12:31:50 INFO  [main] Listeners - Test Case Started
2025-12-18 12:31:50 INFO  [main] AccessPermissions - This is User View  Method
2025-12-18 12:31:50 INFO  [main] AccessPermissionsPage - View User method entered
2025-12-18 12:31:50 INFO  [main] HelperClass - View User Clicked
2025-12-18 12:31:50 INFO  [main] HelperClass - Close User Clicked
2025-12-18 12:31:50 INFO  [main] AccessPermissionsPage - View User Successfull
2025-12-18 12:31:51 INFO  [main] Listeners - Test Case Success
2025-12-18 12:31:51 INFO  [main] Listeners - Test Case Started
2025-12-18 12:31:51 INFO  [main] AccessPermissions - This is User edit  Method
2025-12-18 12:31:51 INFO  [main] AccessPermissionsPage - Edit User method entered
2025-12-18 12:31:51 INFO  [main] HelperClass - Edit User Clicked
2025-12-18 12:31:51 INFO  [main] HelperClass - Save User Clicked
2025-12-18 12:31:51 INFO  [main] AccessPermissionsPage - Edit User Successfull
2025-12-18 12:31:51 INFO  [main] Listeners - Test Case Success
2025-12-18 12:31:52 INFO  [main] Listeners - Test Case Started
2025-12-18 12:31:52 INFO  [main] AccessPermissions - This is User Delete  Method
2025-12-18 12:31:52 INFO  [main] AccessPermissionsPage - Delete User method entered
2025-12-18 12:31:52 INFO  [main] HelperClass - Delete User Clicked
2025-12-18 12:31:53 INFO  [main] HelperClass - Delete Yes Clicked
2025-12-18 12:31:53 INFO  [main] AccessPermissionsPage - Delete User Successfull
2025-12-18 12:31:53 INFO  [main] Listeners - Test Case Success
2025-12-18 12:31:53 INFO  [main] DocSegments - Documents Segments link Click
2025-12-18 12:31:53 INFO  [main] Listeners - Test Case Started
2025-12-18 12:31:53 INFO  [main] DocSegments - The Document segment add started 
2025-12-18 12:31:53 INFO  [main] DocSegmentsPage - Add New Document Segement
2025-12-18 12:31:53 INFO  [main] HelperClass - Documents Segment Module Clicked
2025-12-18 12:31:53 INFO  [main] HelperClass - Add New Segement Clicked
2025-12-18 12:31:54 INFO  [main] HelperClass - Custom Query Drop Down Clicked
2025-12-18 12:31:54 INFO  [main] HelperClass - Custom Query Select Clicked
2025-12-18 12:31:55 INFO  [main] HelperClass - Vault Drop Down Clicked
2025-12-18 12:31:55 INFO  [main] HelperClass - Vault Server Clicked
2025-12-18 12:31:55 INFO  [main] HelperClass - Groups Checkbox JS Clicked
2025-12-18 12:31:56 INFO  [main] HelperClass - Configue Link Tab Clicked
2025-12-18 12:31:56 INFO  [main] HelperClass - Archive Id Clicked
2025-12-18 12:31:56 INFO  [main] HelperClass - Account Number Clicked
2025-12-18 12:31:56 INFO  [main] HelperClass - Save Button Clicked
2025-12-18 12:31:56 INFO  [main] DocSegmentsPage - New Document Segement Added Sucessfully
2025-12-18 12:31:59 INFO  [main] Listeners - Test Case Success
2025-12-18 12:31:59 INFO  [main] Listeners - Test Case Started
2025-12-18 12:31:59 INFO  [main] DocSegments - View Segement Method Called
2025-12-18 12:31:59 INFO  [main] DocSegmentsPage - View Doc Segment
2025-12-18 12:31:59 INFO  [main] HelperClass - View Icon Clicked
2025-12-18 12:32:00 INFO  [main] HelperClass - Close View Icon Clicked
2025-12-18 12:32:00 INFO  [main] Listeners - Test Case Success
2025-12-18 12:32:00 INFO  [main] Listeners - Test Case Started
2025-12-18 12:32:00 INFO  [main] DocSegments - Edit Segement Method Called
2025-12-18 12:32:00 INFO  [main] DocSegmentsPage - Edit Doc Segment
2025-12-18 12:32:00 INFO  [main] HelperClass - Edit Icon Clicked
2025-12-18 12:32:01 INFO  [main] HelperClass - Save Icon Clicked
2025-12-18 12:32:01 INFO  [main] Listeners - Test Case Success
2025-12-18 12:32:01 INFO  [main] Listeners - Test Case Started
2025-12-18 12:32:01 INFO  [main] DocSegments - Delete Segement Method Called
2025-12-18 12:32:01 INFO  [main] DocSegmentsPage - Delete Doc Segment
2025-12-18 12:32:02 INFO  [main] HelperClass - Delete Icon Clicked
2025-12-18 12:32:02 INFO  [main] HelperClass - Delete Icon Clicked
2025-12-18 12:32:02 INFO  [main] Listeners - Test Case Success
2025-12-18 12:32:02 INFO  [main] Listeners - Test Case Started
2025-12-18 12:32:02 INFO  [main] Login - Logout for the User
2025-12-18 12:32:02 INFO  [main] LoginPage - This is logout method
2025-12-18 12:32:02 INFO  [main] LoginPage - Is ProfileDropdown displayed? true
2025-12-18 12:32:02 INFO  [main] LoginPage - Is ProfileDropdown enabled? true
2025-12-18 12:32:02 INFO  [main] LoginPage - Approver ApproverMain User
2025-12-18 12:32:03 INFO  [main] HelperClass - Sign out Button Clicked
2025-12-18 12:32:03 INFO  [main] HelperClass - Confirm Yes Button Clicked
2025-12-18 12:32:03 INFO  [main] LoginPage - Logout Success
2025-12-18 12:32:03 INFO  [main] Listeners - Test Case Success
