2025-10-30 17:20:05 INFO  [main] Base_Class - Application Started
2025-10-30 17:20:05 INFO  [main] Base_Class - ===================
2025-10-30 17:20:08 INFO  [main] Base_Class - FireFoxDriver Object is Created  FirefoxDriver: firefox on windows (2d8e8b41-8466-4d4a-92de-74dbb32e8486)
2025-10-30 17:20:08 INFO  [main] Base_Class - Browser Got Opened
2025-10-30 17:20:09 INFO  [main] Base_Class - url Called  http://192.168.2.27:9091/
2025-10-30 17:20:09 INFO  [main] Base_Class - Tear Up is Done
2025-10-30 17:20:10 INFO  [main] Listeners - Test Case Started
2025-10-30 17:20:10 INFO  [main] Login - Login Test Cases Started
2025-10-30 17:20:10 INFO  [main] Login - Login_Page Object Created
2025-10-30 17:20:10 INFO  [main] Login - Login Page Method call
2025-10-30 17:20:10 INFO  [main] Login_page - Login Method Called
2025-10-30 17:20:10 INFO  [main] Login_page - Entered UserName is :Approver
2025-10-30 17:20:10 INFO  [main] Login_page - Password Entered
2025-10-30 17:20:11 INFO  [main] Login_page - Submit Button Clicked
2025-10-30 17:20:11 INFO  [main] Login_page - Login SuccessFull
2025-10-30 17:20:11 INFO  [main] Login - Login Test Completed Sucessfully
2025-10-30 17:20:11 INFO  [main] Listeners - Test Case Success
2025-10-30 17:20:11 INFO  [main] Listeners - Test Case Started
2025-10-30 17:20:11 INFO  [main] Login_Test_Data - This is logout method for Main User
2025-10-30 17:20:11 INFO  [main] Login_page - This is logout method
2025-10-30 17:20:11 INFO  [main] Login_page - Is ProfileDropdown displayed? true
2025-10-30 17:20:11 INFO  [main] Login_page - Is ProfileDropdown enabled? true
2025-10-30 17:20:11 INFO  [main] Login_page - Approver Approver
2025-10-30 17:20:12 INFO  [main] Login_page - Logout Success
2025-10-30 17:20:12 INFO  [main] Login_Test_Data - Logout Method Called
2025-10-30 17:20:12 INFO  [main] Login_Test_Data - Main User Logged Out Success
2025-10-30 17:20:12 INFO  [main] Listeners - Test Case Success
2025-10-30 17:20:12 INFO  [main] Listeners - Test Case Started
2025-10-30 17:20:12 INFO  [main] Login_Test_Data - Login Test Started
2025-10-30 17:20:12 INFO  [main] Login_Test_Data - Login_Page Object Created for User :Approver1
2025-10-30 17:20:12 INFO  [main] Login_Test_Data - Attempting login for user: Approver1
2025-10-30 17:20:12 INFO  [main] Login_page - Login Method Called
2025-10-30 17:20:12 INFO  [main] Login_page - Entered UserName is :Approver1
2025-10-30 17:20:12 INFO  [main] Login_page - Password Entered
2025-10-30 17:20:12 INFO  [main] Login_page - Submit Button Clicked
2025-10-30 17:20:18 INFO  [main] Login_page - Login Failed
2025-10-30 17:20:18 INFO  [main] Login_page - This is failed test text
2025-10-30 17:20:18 INFO  [main] Listeners - Test Case Failure
2025-10-30 17:20:18 INFO  [main] Listeners - Test Case Failure
2025-10-30 17:20:18 INFO  [main] Base_Class - Closing Browser Method
2025-10-30 17:20:18 ERROR [main] Base_Class - Browser not closed! Exception:Tried to run command without establishing a connection
Build info: version: '4.26.0', revision: '8ccf0219d7'
System info: os.name: 'Windows 11', os.arch: 'amd64', os.version: '10.0', java.version: '17.0.14'
Driver info: org.openqa.selenium.firefox.FirefoxDriver
Command: [2d8e8b41-8466-4d4a-92de-74dbb32e8486, close {}]
Capabilities {acceptInsecureCerts: true, browserName: firefox, browserVersion: 144.0, moz:accessibilityChecks: false, moz:buildID: 20251009125714, moz:geckodriverVersion: 0.36.0, moz:headless: false, moz:platformVersion: 10.0, moz:processID: 14780, moz:profile: C:\Users\SRIHAR~1.GOW\AppDa..., moz:shutdownTimeout: 60000, moz:webdriverClick: true, moz:windowless: false, pageLoadStrategy: normal, platformName: windows, proxy: Proxy(), setWindowRect: true, strictFileInteractability: false, timeouts: {implicit: 0, pageLoad: 300000, script: 30000}, unhandledPromptBehavior: dismiss and notify, userAgent: Mozilla/5.0 (Windows NT 10....}
Session ID: 2d8e8b41-8466-4d4a-92de-74dbb32e8486
