2026-01-20 19:02:11 INFO  [main] BaseClass - Application Started
2026-01-20 19:02:11 INFO  [main] BaseClass - ===================
2026-01-20 19:02:15 INFO  [main] BaseClass - FireFoxDriver Object is Created  FirefoxDriver: firefox on windows (72d4ce47-57b4-41fd-929d-3f9319a4071e)
2026-01-20 19:02:15 INFO  [main] BaseClass - Browser Got Opened
2026-01-20 19:02:15 INFO  [main] BaseClass - url Called  http://192.168.2.27:9092/
2026-01-20 19:02:15 INFO  [main] BaseClass - Tear Up is Done
2026-01-20 19:02:16 INFO  [main] Listeners - Test Case Started
2026-01-20 19:02:16 INFO  [main] Login - Login User method Started
2026-01-20 19:02:16 INFO  [main] Login - Login Page Method call
2026-01-20 19:02:16 INFO  [main] LoginPage - Login Method Called
2026-01-20 19:02:17 INFO  [main] LoginPage - Entered UserName is :Approver
2026-01-20 19:02:17 INFO  [main] LoginPage - Password Entered
2026-01-20 19:02:18 INFO  [main] HelperClass - Login Submit Button Clicked
2026-01-20 19:02:18 INFO  [main] LoginPage - Submit Button Clicked
2026-01-20 19:02:18 INFO  [main] HelperClass - Home Title is visible
2026-01-20 19:02:18 INFO  [main] Login - Login Test Completed Successfully
2026-01-20 19:02:18 INFO  [main] Listeners - Test Case Success
2026-01-20 19:02:18 INFO  [main] Listeners - Test Case Started
2026-01-20 19:02:18 INFO  [main] LoginTest - Logout for the User
2026-01-20 19:02:18 INFO  [main] LoginPage - This is logout method
2026-01-20 19:02:18 INFO  [main] LoginPage - Is ProfileDropdown displayed? true
2026-01-20 19:02:18 INFO  [main] LoginPage - Is ProfileDropdown enabled? true
2026-01-20 19:02:18 INFO  [main] LoginPage - Approver ApproverMain User
2026-01-20 19:02:18 INFO  [main] HelperClass - Sign out Button Clicked
2026-01-20 19:02:19 INFO  [main] HelperClass - Confirm Yes Button Clicked
2026-01-20 19:02:19 INFO  [main] LoginPage - Logout Success
2026-01-20 19:02:19 INFO  [main] Listeners - Test Case Success
2026-01-20 19:02:19 INFO  [main] Listeners - Test Case Started
2026-01-20 19:02:19 INFO  [main] LoginTest - Login Test Started
2026-01-20 19:02:19 INFO  [main] LoginTest - Attempting login for user: Approver1
2026-01-20 19:02:19 INFO  [main] LoginPage - Login Method Called
2026-01-20 19:02:19 INFO  [main] LoginPage - Entered UserName is :Approver1
2026-01-20 19:02:19 INFO  [main] LoginPage - Password Entered
2026-01-20 19:02:19 INFO  [main] HelperClass - Login Submit Button Clicked
2026-01-20 19:02:20 INFO  [main] LoginPage - This is failed test text
2026-01-20 19:02:20 INFO  [main] LoginPage - Invalid user name or password or Deactivated.
2026-01-20 19:02:20 INFO  [main] Listeners - Test Case Success
2026-01-20 19:02:20 INFO  [main] Listeners - Test Case Started
2026-01-20 19:02:20 INFO  [main] LoginTest - Login Test Started
2026-01-20 19:02:20 INFO  [main] LoginTest - Attempting login for user: Approver
2026-01-20 19:02:20 INFO  [main] LoginPage - Login Method Called
2026-01-20 19:02:20 INFO  [main] LoginPage - Entered UserName is :Approver
2026-01-20 19:02:20 INFO  [main] LoginPage - Password Entered
2026-01-20 19:02:21 INFO  [main] HelperClass - Login Submit Button Clicked
2026-01-20 19:02:22 INFO  [main] LoginPage - This is failed test text
2026-01-20 19:02:22 INFO  [main] LoginPage - Invalid user name or password.
2026-01-20 19:02:22 INFO  [main] Listeners - Test Case Success
2026-01-20 19:02:22 INFO  [main] Listeners - Test Case Started
2026-01-20 19:02:22 INFO  [main] LoginTest - Login Test Started
2026-01-20 19:02:22 INFO  [main] LoginTest - Attempting login for user: Approver1
2026-01-20 19:02:22 INFO  [main] LoginPage - Login Method Called
2026-01-20 19:02:22 INFO  [main] LoginPage - Entered UserName is :Approver1
2026-01-20 19:02:22 INFO  [main] LoginPage - Password Entered
2026-01-20 19:02:22 INFO  [main] HelperClass - Login Submit Button Clicked
2026-01-20 19:02:23 INFO  [main] LoginPage - This is failed test text
2026-01-20 19:02:23 INFO  [main] LoginPage - Invalid user name or password or Deactivated.
2026-01-20 19:02:23 INFO  [main] Listeners - Test Case Success
2026-01-20 19:02:23 INFO  [main] Listeners - Test Case Started
2026-01-20 19:02:23 INFO  [main] LoginTest - Login Test Started
2026-01-20 19:02:23 INFO  [main] LoginTest - Attempting login for user: Approver
2026-01-20 19:02:23 INFO  [main] LoginPage - Login Method Called
2026-01-20 19:02:23 INFO  [main] LoginPage - Entered UserName is :Approver
2026-01-20 19:02:23 INFO  [main] LoginPage - Password Entered
2026-01-20 19:02:24 INFO  [main] HelperClass - Login Submit Button Clicked
2026-01-20 19:02:24 INFO  [main] HelperClass - Home Title is visible
2026-01-20 19:02:24 INFO  [main] LoginTest - Login Success for User: Approver
2026-01-20 19:02:24 INFO  [main] LoginTest - Logout for the User
2026-01-20 19:02:24 INFO  [main] LoginPage - This is logout method
2026-01-20 19:02:24 INFO  [main] LoginPage - Is ProfileDropdown displayed? true
2026-01-20 19:02:24 INFO  [main] LoginPage - Is ProfileDropdown enabled? true
2026-01-20 19:02:24 INFO  [main] LoginPage - Main User
2026-01-20 19:02:24 INFO  [main] HelperClass - Sign out Button Clicked
2026-01-20 19:02:25 INFO  [main] HelperClass - Confirm Yes Button Clicked
2026-01-20 19:02:25 INFO  [main] LoginPage - Logout Success
2026-01-20 19:02:25 INFO  [main] Listeners - Test Case Success
2026-01-20 19:02:25 INFO  [main] Listeners - Test Case Started
2026-01-20 19:02:25 INFO  [main] LoginTest - BlockLoginCredentials
2026-01-20 19:02:25 INFO  [main] LoginTest - Attempting login for user: Check
2026-01-20 19:02:25 INFO  [main] LoginPage - Login Method Called
2026-01-20 19:02:25 INFO  [main] LoginPage - Entered UserName is :Check
2026-01-20 19:02:25 INFO  [main] LoginPage - Password Entered
2026-01-20 19:02:25 INFO  [main] HelperClass - Login Submit Button Clicked
2026-01-20 19:02:26 INFO  [main] LoginPage - This is failed test text
2026-01-20 19:02:26 INFO  [main] LoginPage - Invalid user name or password.
2026-01-20 19:02:26 INFO  [main] Listeners - Test Case Success
2026-01-20 19:02:26 INFO  [main] Listeners - Test Case Started
2026-01-20 19:02:26 INFO  [main] LoginTest - BlockLoginCredentials
2026-01-20 19:02:26 INFO  [main] LoginTest - Attempting login for user: Check
2026-01-20 19:02:26 INFO  [main] LoginPage - Login Method Called
2026-01-20 19:02:26 INFO  [main] LoginPage - Entered UserName is :Check
2026-01-20 19:02:26 INFO  [main] LoginPage - Password Entered
2026-01-20 19:02:26 INFO  [main] HelperClass - Login Submit Button Clicked
2026-01-20 19:02:27 INFO  [main] LoginPage - This is failed test text
2026-01-20 19:02:27 INFO  [main] LoginPage - Invalid user name or password.
2026-01-20 19:02:27 INFO  [main] Listeners - Test Case Success
2026-01-20 19:02:27 INFO  [main] Listeners - Test Case Started
2026-01-20 19:02:27 INFO  [main] LoginTest - BlockLoginCredentials
2026-01-20 19:02:27 INFO  [main] LoginTest - Attempting login for user: Check
2026-01-20 19:02:27 INFO  [main] LoginPage - Login Method Called
2026-01-20 19:02:28 INFO  [main] LoginPage - Entered UserName is :Check
2026-01-20 19:02:28 INFO  [main] LoginPage - Password Entered
2026-01-20 19:02:28 INFO  [main] HelperClass - Login Submit Button Clicked
2026-01-20 19:02:28 INFO  [main] HelperClass - Home Title is visible
2026-01-20 19:02:28 INFO  [main] LoginTest - Login Success for User: Check
2026-01-20 19:02:28 INFO  [main] LoginTest - Logout for the User
2026-01-20 19:02:28 INFO  [main] LoginPage - This is logout method
2026-01-20 19:02:28 INFO  [main] LoginPage - Is ProfileDropdown displayed? true
2026-01-20 19:02:28 INFO  [main] LoginPage - Is ProfileDropdown enabled? true
2026-01-20 19:02:28 INFO  [main] LoginPage - Main User
2026-01-20 19:02:29 INFO  [main] HelperClass - Sign out Button Clicked
2026-01-20 19:02:29 INFO  [main] HelperClass - Confirm Yes Button Clicked
2026-01-20 19:02:29 INFO  [main] LoginPage - Logout Success
2026-01-20 19:02:29 INFO  [main] Listeners - Test Case Success
2026-01-20 19:02:29 INFO  [main] Listeners - Test Case Started
2026-01-20 19:02:29 INFO  [main] LoginTest - BlockLoginCredentials
2026-01-20 19:02:29 INFO  [main] LoginTest - Attempting login for user: Check
2026-01-20 19:02:29 INFO  [main] LoginPage - Login Method Called
2026-01-20 19:02:29 INFO  [main] LoginPage - Entered UserName is :Check
2026-01-20 19:02:29 INFO  [main] LoginPage - Password Entered
2026-01-20 19:02:29 INFO  [main] HelperClass - Login Submit Button Clicked
2026-01-20 19:02:30 INFO  [main] LoginPage - This is failed test text
2026-01-20 19:02:30 INFO  [main] LoginPage - Invalid user name or password.
2026-01-20 19:02:30 INFO  [main] Listeners - Test Case Success
2026-01-20 19:02:30 INFO  [main] Listeners - Test Case Started
2026-01-20 19:02:30 INFO  [main] LoginTest - BlockLoginCredentials
2026-01-20 19:02:30 INFO  [main] LoginTest - Attempting login for user: Check
2026-01-20 19:02:30 INFO  [main] LoginPage - Login Method Called
2026-01-20 19:02:30 INFO  [main] LoginPage - Entered UserName is :Check
2026-01-20 19:02:30 INFO  [main] LoginPage - Password Entered
2026-01-20 19:02:30 INFO  [main] HelperClass - Login Submit Button Clicked
2026-01-20 19:02:32 INFO  [main] LoginPage - This is failed test text
2026-01-20 19:02:32 INFO  [main] LoginPage - Invalid user name or password.
2026-01-20 19:02:32 INFO  [main] Listeners - Test Case Success
2026-01-20 19:02:32 INFO  [main] Listeners - Test Case Started
2026-01-20 19:02:32 INFO  [main] LoginTest - BlockLoginCredentials
2026-01-20 19:02:32 INFO  [main] LoginTest - Attempting login for user: Check
2026-01-20 19:02:32 INFO  [main] LoginPage - Login Method Called
2026-01-20 19:02:32 INFO  [main] LoginPage - Entered UserName is :Check
2026-01-20 19:02:32 INFO  [main] LoginPage - Password Entered
2026-01-20 19:02:32 INFO  [main] HelperClass - Login Submit Button Clicked
2026-01-20 19:02:33 INFO  [main] LoginPage - This is failed test text
2026-01-20 19:02:33 INFO  [main] LoginPage - Your account has been disabled due to maximum failed login attempts. Please contact System Administrator.
2026-01-20 19:02:33 INFO  [main] Listeners - Test Case Success
2026-01-20 19:02:33 INFO  [main] Listeners - Test Case Started
2026-01-20 19:02:33 INFO  [main] LoginTest - Main Users Login
2026-01-20 19:02:33 INFO  [main] Login - Login User method Started
2026-01-20 19:02:33 INFO  [main] Login - Login Page Method call
2026-01-20 19:02:33 INFO  [main] LoginPage - Login Method Called
2026-01-20 19:02:33 INFO  [main] LoginPage - Entered UserName is :Approver
2026-01-20 19:02:33 INFO  [main] LoginPage - Password Entered
2026-01-20 19:02:34 INFO  [main] HelperClass - Login Submit Button Clicked
2026-01-20 19:02:34 INFO  [main] LoginPage - Submit Button Clicked
2026-01-20 19:02:34 INFO  [main] HelperClass - Home Title is visible
2026-01-20 19:02:34 INFO  [main] Login - Login Test Completed Successfully
2026-01-20 19:02:34 INFO  [main] LoginTest - User Logged In
2026-01-20 19:02:34 INFO  [main] Listeners - Test Case Success
2026-01-20 19:02:34 INFO  [main] AccessPermissions - Access Permissions link Click
2026-01-20 19:02:34 INFO  [main] Listeners - Test Case Started
2026-01-20 19:02:34 INFO  [main] AccessPermissions - This is Add Group Method
2026-01-20 19:02:34 INFO  [main] HelperClass - Access Permissions Module Clicked
2026-01-20 19:02:35 INFO  [main] HelperClass - Sub Module Group is clicked Clicked
2026-01-20 19:02:35 INFO  [main] HelperClass - New Group Button is clicked Clicked
2026-01-20 19:02:36 INFO  [main] HelperClass - All Modules is clicked Clicked
2026-01-20 19:02:36 INFO  [main] AccessPermissionsPage - Group Created Successfully
2026-01-20 19:02:36 INFO  [main] Listeners - Test Case Success
2026-01-20 19:02:36 INFO  [main] Listeners - Test Case Started
2026-01-20 19:02:36 INFO  [main] AccessPermissions - This is View Group Method
2026-01-20 19:02:36 INFO  [main] AccessPermissionsPage - View Group method entered
2026-01-20 19:02:37 INFO  [main] HelperClass - View Group Clicked
2026-01-20 19:02:37 INFO  [main] HelperClass - Close Group Clicked
2026-01-20 19:02:37 INFO  [main] AccessPermissionsPage - View Group Successfull
2026-01-20 19:02:37 INFO  [main] Listeners - Test Case Success
2026-01-20 19:02:37 INFO  [main] Listeners - Test Case Started
2026-01-20 19:02:37 INFO  [main] AccessPermissions - This is Edit Group Method
2026-01-20 19:02:37 INFO  [main] AccessPermissionsPage - Edit Group method entered
2026-01-20 19:02:37 INFO  [main] HelperClass - Edit Group Clicked
2026-01-20 19:02:37 INFO  [main] HelperClass - Save Group Clicked
2026-01-20 19:02:37 INFO  [main] AccessPermissionsPage - Edit Group Successfull
2026-01-20 19:02:38 INFO  [main] Listeners - Test Case Success
2026-01-20 19:02:38 INFO  [main] Listeners - Test Case Started
2026-01-20 19:02:38 INFO  [main] AccessPermissions - This is Delete Group Method
2026-01-20 19:02:38 INFO  [main] AccessPermissionsPage - Delete Group method entered
2026-01-20 19:02:38 INFO  [main] HelperClass - Delete Group Clicked
2026-01-20 19:02:38 INFO  [main] HelperClass - Delete Yes Clicked
2026-01-20 19:02:38 INFO  [main] AccessPermissionsPage - Delete Group Successfull
2026-01-20 19:02:38 INFO  [main] Listeners - Test Case Success
2026-01-20 19:02:38 INFO  [main] Listeners - Test Case Started
2026-01-20 19:02:38 INFO  [main] AccessPermissions - This is Add Role Method
2026-01-20 19:02:39 INFO  [main] HelperClass - Roles Module Clicked
2026-01-20 19:02:39 INFO  [main] HelperClass - Add New Role Clicked
2026-01-20 19:02:39 INFO  [main] HelperClass - Group Down Selected  Clicked
2026-01-20 19:02:40 INFO  [main] HelperClass - Select Group Name Clicked
2026-01-20 19:02:40 INFO  [main] HelperClass - Select Permissions Access Permissions Clicked
2026-01-20 19:02:40 INFO  [main] HelperClass - Group Add Permissions in Access Permissions for Role Clicked
2026-01-20 19:02:40 INFO  [main] HelperClass - Select Permissions Access Permissions Clicked
2026-01-20 19:02:40 INFO  [main] HelperClass - Role Saved JS Clicked
2026-01-20 19:02:40 INFO  [main] AccessPermissionsPage - Roles Created Successfully
2026-01-20 19:02:41 INFO  [main] Listeners - Test Case Success
2026-01-20 19:02:41 INFO  [main] Listeners - Test Case Started
2026-01-20 19:02:41 INFO  [main] AccessPermissions - This is View Role Method
2026-01-20 19:02:41 INFO  [main] AccessPermissionsPage - View Role method entered
2026-01-20 19:02:42 INFO  [main] HelperClass - View Role Clicked
2026-01-20 19:02:42 INFO  [main] HelperClass - Close Role Clicked
2026-01-20 19:02:42 INFO  [main] AccessPermissionsPage - View Role Successfull
2026-01-20 19:02:42 INFO  [main] Listeners - Test Case Success
2026-01-20 19:02:42 INFO  [main] Listeners - Test Case Started
2026-01-20 19:02:42 INFO  [main] AccessPermissions - This is Edit Role Method
2026-01-20 19:02:42 INFO  [main] AccessPermissionsPage - Edit Role method entered
2026-01-20 19:02:42 INFO  [main] HelperClass - Edit Role Clicked
2026-01-20 19:02:43 INFO  [main] HelperClass - Save Role Clicked
2026-01-20 19:02:43 INFO  [main] AccessPermissionsPage - Edit Role Successfull
2026-01-20 19:02:43 INFO  [main] Listeners - Test Case Success
2026-01-20 19:02:43 INFO  [main] Listeners - Test Case Started
2026-01-20 19:02:43 INFO  [main] AccessPermissions - This is Delete Role Method
2026-01-20 19:02:43 INFO  [main] AccessPermissionsPage - Delete Role method entered
2026-01-20 19:02:44 INFO  [main] HelperClass - Delete Role Icon  Clicked
2026-01-20 19:02:44 INFO  [main] HelperClass - Delete Yes Clicked
2026-01-20 19:02:44 INFO  [main] AccessPermissionsPage - Delete Role Successfull
2026-01-20 19:02:44 INFO  [main] Listeners - Test Case Success
2026-01-20 19:02:44 INFO  [main] Listeners - Test Case Started
2026-01-20 19:02:44 INFO  [main] AccessPermissions - This is an Add User Method
2026-01-20 19:02:45 INFO  [main] HelperClass - Select Role User  Radio Button  Clicked
2026-01-20 19:02:45 INFO  [main] HelperClass - Selected Role User  Radio Button  Clicked
2026-01-20 19:02:45 INFO  [main] HelperClass - Active User Radio Button JS Clicked
2026-01-20 19:02:45 INFO  [main] HelperClass - Submit Button Clicked
2026-01-20 19:02:45 INFO  [main] AccessPermissionsPage - User Created Successfully
2026-01-20 19:02:45 INFO  [main] Listeners - Test Case Success
2026-01-20 19:02:45 INFO  [main] Listeners - Test Case Started
2026-01-20 19:02:45 INFO  [main] AccessPermissions - This is User View  Method
2026-01-20 19:02:45 INFO  [main] AccessPermissionsPage - View User method entered
2026-01-20 19:02:46 INFO  [main] HelperClass - View User Clicked
2026-01-20 19:02:46 INFO  [main] HelperClass - Close User Clicked
2026-01-20 19:02:46 INFO  [main] AccessPermissionsPage - View User Successfull
2026-01-20 19:02:46 INFO  [main] Listeners - Test Case Success
2026-01-20 19:02:46 INFO  [main] Listeners - Test Case Started
2026-01-20 19:02:46 INFO  [main] AccessPermissions - This is User edit  Method
2026-01-20 19:02:46 INFO  [main] AccessPermissionsPage - Edit User method entered
2026-01-20 19:02:46 INFO  [main] HelperClass - Edit User Clicked
2026-01-20 19:02:47 INFO  [main] HelperClass - Save User Clicked
2026-01-20 19:02:47 INFO  [main] AccessPermissionsPage - Edit User Successfull
2026-01-20 19:02:47 INFO  [main] Listeners - Test Case Success
2026-01-20 19:02:47 INFO  [main] Listeners - Test Case Started
2026-01-20 19:02:47 INFO  [main] AccessPermissions - This is User Delete  Method
2026-01-20 19:02:47 INFO  [main] AccessPermissionsPage - Delete User method entered
2026-01-20 19:02:47 INFO  [main] HelperClass - Delete User Clicked
2026-01-20 19:02:47 INFO  [main] HelperClass - Delete Yes Clicked
2026-01-20 19:02:47 INFO  [main] AccessPermissionsPage - Delete User Successfull
2026-01-20 19:02:47 INFO  [main] Listeners - Test Case Success
2026-01-20 19:02:47 INFO  [main] DocSegments - Documents Segments link Click
2026-01-20 19:02:47 INFO  [main] Listeners - Test Case Started
2026-01-20 19:02:47 INFO  [main] DocSegments - The Document segment add started 
2026-01-20 19:02:47 INFO  [main] DocSegmentsPage - Add New Document Segement
2026-01-20 19:02:48 INFO  [main] HelperClass - Documents Segment Module Clicked
2026-01-20 19:02:49 INFO  [main] HelperClass - Add New Segement Clicked
2026-01-20 19:02:49 INFO  [main] HelperClass - Custom Query Drop Down Clicked
2026-01-20 19:02:50 INFO  [main] HelperClass - Custom Query Select Clicked
2026-01-20 19:02:50 INFO  [main] HelperClass - Vault Drop Down Clicked
2026-01-20 19:02:50 INFO  [main] HelperClass - Vault Server Clicked
2026-01-20 19:02:50 INFO  [main] HelperClass - Groups Checkbox JS Clicked
2026-01-20 19:02:50 INFO  [main] HelperClass - Configue Link Tab Clicked
2026-01-20 19:02:50 INFO  [main] HelperClass - Archive Id Clicked
2026-01-20 19:02:51 INFO  [main] HelperClass - Account Number Clicked
2026-01-20 19:02:51 INFO  [main] HelperClass - Save Button Clicked
2026-01-20 19:02:51 INFO  [main] DocSegmentsPage - New Document Segement Added Sucessfully
2026-01-20 19:02:53 INFO  [main] Listeners - Test Case Success
2026-01-20 19:02:53 INFO  [main] Listeners - Test Case Started
2026-01-20 19:02:53 INFO  [main] DocSegments - View Segement Method Called
2026-01-20 19:02:53 INFO  [main] DocSegmentsPage - View Doc Segment
2026-01-20 19:02:53 INFO  [main] HelperClass - View Icon Clicked
2026-01-20 19:02:54 INFO  [main] HelperClass - Close View Icon Clicked
2026-01-20 19:02:54 INFO  [main] Listeners - Test Case Success
2026-01-20 19:02:54 INFO  [main] Listeners - Test Case Started
2026-01-20 19:02:54 INFO  [main] DocSegments - Edit Segement Method Called
2026-01-20 19:02:54 INFO  [main] DocSegmentsPage - Edit Doc Segment
2026-01-20 19:02:54 INFO  [main] HelperClass - Edit Icon Clicked
2026-01-20 19:02:55 INFO  [main] HelperClass - Save Icon Clicked
2026-01-20 19:02:55 INFO  [main] Listeners - Test Case Success
2026-01-20 19:02:55 INFO  [main] Listeners - Test Case Started
2026-01-20 19:02:55 INFO  [main] DocSegments - Delete Segement Method Called
2026-01-20 19:02:55 INFO  [main] DocSegmentsPage - Delete Doc Segment
2026-01-20 19:02:56 INFO  [main] HelperClass - Delete Icon Clicked
2026-01-20 19:02:56 INFO  [main] HelperClass - Delete Icon Clicked
2026-01-20 19:02:56 INFO  [main] Listeners - Test Case Success
2026-01-20 19:02:56 INFO  [main] Listeners - Test Case Started
2026-01-20 19:02:56 INFO  [main] Login - Logout for the User
2026-01-20 19:02:56 INFO  [main] LoginPage - This is logout method
2026-01-20 19:02:56 INFO  [main] LoginPage - Is ProfileDropdown displayed? true
2026-01-20 19:02:56 INFO  [main] LoginPage - Is ProfileDropdown enabled? true
2026-01-20 19:02:56 INFO  [main] LoginPage - Approver ApproverMain User
2026-01-20 19:02:56 INFO  [main] HelperClass - Sign out Button Clicked
2026-01-20 19:02:56 INFO  [main] HelperClass - Confirm Yes Button Clicked
2026-01-20 19:02:56 INFO  [main] LoginPage - Logout Success
2026-01-20 19:02:57 INFO  [main] Listeners - Test Case Success
